The system is: Linux - 3.2.0-52-generic - x86_64
Compiling the C compiler identification source file "CMakeCCompilerId.c" succeeded.
Compiler: /opt/gcc-4.8.3/bin/gcc 
Build flags: 
Id flags: 

The output was:
0


Compilation of the C compiler identification source "CMakeCCompilerId.c" produced "a.out"

The C compiler identification is GNU, found in "/home/chakro23/exa2ct/shark/eigen/build_dir/CMakeFiles/CompilerIdC/a.out"

Compiling the CXX compiler identification source file "CMakeCXXCompilerId.cpp" succeeded.
Compiler: /opt/gcc-4.8.3/bin/c++ 
Build flags: 
Id flags: 

The output was:
0


Compilation of the CXX compiler identification source "CMakeCXXCompilerId.cpp" produced "a.out"

The CXX compiler identification is GNU, found in "/home/chakro23/exa2ct/shark/eigen/build_dir/CMakeFiles/CompilerIdCXX/a.out"

Determining if the C compiler works passed with the following output:
Change Dir: /home/chakro23/exa2ct/shark/eigen/build_dir/CMakeFiles/CMakeTmp

Run Build Command:/usr/bin/make "cmTryCompileExec/fast"
/usr/bin/make -f CMakeFiles/cmTryCompileExec.dir/build.make CMakeFiles/cmTryCompileExec.dir/build
make[1]: Entering directory `/home/chakro23/exa2ct/shark/eigen/build_dir/CMakeFiles/CMakeTmp'
/usr/bin/cmake -E cmake_progress_report /home/chakro23/exa2ct/shark/eigen/build_dir/CMakeFiles/CMakeTmp/CMakeFiles 1
Building C object CMakeFiles/cmTryCompileExec.dir/testCCompiler.c.o
/opt/gcc-4.8.3/bin/gcc    -o CMakeFiles/cmTryCompileExec.dir/testCCompiler.c.o   -c /home/chakro23/exa2ct/shark/eigen/build_dir/CMakeFiles/CMakeTmp/testCCompiler.c
Linking C executable cmTryCompileExec
/usr/bin/cmake -E cmake_link_script CMakeFiles/cmTryCompileExec.dir/link.txt --verbose=1
/opt/gcc-4.8.3/bin/gcc         CMakeFiles/cmTryCompileExec.dir/testCCompiler.c.o  -o cmTryCompileExec -rdynamic 
make[1]: Leaving directory `/home/chakro23/exa2ct/shark/eigen/build_dir/CMakeFiles/CMakeTmp'


Detecting C compiler ABI info compiled with the following output:
Change Dir: /home/chakro23/exa2ct/shark/eigen/build_dir/CMakeFiles/CMakeTmp

Run Build Command:/usr/bin/make "cmTryCompileExec/fast"
/usr/bin/make -f CMakeFiles/cmTryCompileExec.dir/build.make CMakeFiles/cmTryCompileExec.dir/build
make[1]: Entering directory `/home/chakro23/exa2ct/shark/eigen/build_dir/CMakeFiles/CMakeTmp'
/usr/bin/cmake -E cmake_progress_report /home/chakro23/exa2ct/shark/eigen/build_dir/CMakeFiles/CMakeTmp/CMakeFiles 1
Building C object CMakeFiles/cmTryCompileExec.dir/CMakeCCompilerABI.c.o
/opt/gcc-4.8.3/bin/gcc    -o CMakeFiles/cmTryCompileExec.dir/CMakeCCompilerABI.c.o   -c /usr/share/cmake-2.8/Modules/CMakeCCompilerABI.c
Linking C executable cmTryCompileExec
/usr/bin/cmake -E cmake_link_script CMakeFiles/cmTryCompileExec.dir/link.txt --verbose=1
/opt/gcc-4.8.3/bin/gcc       -v CMakeFiles/cmTryCompileExec.dir/CMakeCCompilerABI.c.o  -o cmTryCompileExec -rdynamic  
Using built-in specs.
COLLECT_GCC=/opt/gcc-4.8.3/bin/gcc
COLLECT_LTO_WRAPPER=/opt/gcc-4.8.3/libexec/gcc/x86_64-unknown-linux-gnu/4.8.3/lto-wrapper
Target: x86_64-unknown-linux-gnu
Configured with: ../configure --prefix=/opt/gcc-4.8.3 --enable-languages=c,c++,fortran --disable-multilib
Thread model: posix
gcc version 4.8.3 (GCC) 
COMPILER_PATH=/opt/gcc-4.8.3/libexec/gcc/x86_64-unknown-linux-gnu/4.8.3/:/opt/gcc-4.8.3/libexec/gcc/x86_64-unknown-linux-gnu/4.8.3/:/opt/gcc-4.8.3/libexec/gcc/x86_64-unknown-linux-gnu/:/opt/gcc-4.8.3/lib/gcc/x86_64-unknown-linux-gnu/4.8.3/:/opt/gcc-4.8.3/lib/gcc/x86_64-unknown-linux-gnu/
LIBRARY_PATH=/opt/gcc-4.8.3/lib/gcc/x86_64-unknown-linux-gnu/4.8.3/:/opt/gcc-4.8.3/lib/gcc/x86_64-unknown-linux-gnu/4.8.3/../../../../lib64/:/lib/x86_64-linux-gnu/:/lib/../lib64/:/usr/lib/x86_64-linux-gnu/:/usr/lib/../lib64/:./:/opt/gcc-4.8.3/lib/gcc/x86_64-unknown-linux-gnu/4.8.3/../../../:/lib/:/usr/lib/
COLLECT_GCC_OPTIONS='-v' '-o' 'cmTryCompileExec' '-rdynamic' '-mtune=generic' '-march=x86-64'
 /opt/gcc-4.8.3/libexec/gcc/x86_64-unknown-linux-gnu/4.8.3/collect2 --eh-frame-hdr -m elf_x86_64 -export-dynamic -dynamic-linker /lib64/ld-linux-x86-64.so.2 -o cmTryCompileExec /usr/lib/x86_64-linux-gnu/crt1.o /usr/lib/x86_64-linux-gnu/crti.o /opt/gcc-4.8.3/lib/gcc/x86_64-unknown-linux-gnu/4.8.3/crtbegin.o -L/opt/gcc-4.8.3/lib/gcc/x86_64-unknown-linux-gnu/4.8.3 -L/opt/gcc-4.8.3/lib/gcc/x86_64-unknown-linux-gnu/4.8.3/../../../../lib64 -L/lib/x86_64-linux-gnu -L/lib/../lib64 -L/usr/lib/x86_64-linux-gnu -L/usr/lib/../lib64 -L. -L/opt/gcc-4.8.3/lib/gcc/x86_64-unknown-linux-gnu/4.8.3/../../.. CMakeFiles/cmTryCompileExec.dir/CMakeCCompilerABI.c.o -lgcc --as-needed -lgcc_s --no-as-needed -lc -lgcc --as-needed -lgcc_s --no-as-needed /opt/gcc-4.8.3/lib/gcc/x86_64-unknown-linux-gnu/4.8.3/crtend.o /usr/lib/x86_64-linux-gnu/crtn.o
make[1]: Leaving directory `/home/chakro23/exa2ct/shark/eigen/build_dir/CMakeFiles/CMakeTmp'


Parsed C implicit link information from above output:
  link line regex: [^( *|.*[/\])(ld|ld|collect2)[^/\]*( |$)]
  ignore line: [Change Dir: /home/chakro23/exa2ct/shark/eigen/build_dir/CMakeFiles/CMakeTmp]
  ignore line: []
  ignore line: [Run Build Command:/usr/bin/make "cmTryCompileExec/fast"]
  ignore line: [/usr/bin/make -f CMakeFiles/cmTryCompileExec.dir/build.make CMakeFiles/cmTryCompileExec.dir/build]
  ignore line: [make[1]: Entering directory `/home/chakro23/exa2ct/shark/eigen/build_dir/CMakeFiles/CMakeTmp']
  ignore line: [/usr/bin/cmake -E cmake_progress_report /home/chakro23/exa2ct/shark/eigen/build_dir/CMakeFiles/CMakeTmp/CMakeFiles 1]
  ignore line: [Building C object CMakeFiles/cmTryCompileExec.dir/CMakeCCompilerABI.c.o]
  ignore line: [/opt/gcc-4.8.3/bin/gcc    -o CMakeFiles/cmTryCompileExec.dir/CMakeCCompilerABI.c.o   -c /usr/share/cmake-2.8/Modules/CMakeCCompilerABI.c]
  ignore line: [Linking C executable cmTryCompileExec]
  ignore line: [/usr/bin/cmake -E cmake_link_script CMakeFiles/cmTryCompileExec.dir/link.txt --verbose=1]
  ignore line: [/opt/gcc-4.8.3/bin/gcc       -v CMakeFiles/cmTryCompileExec.dir/CMakeCCompilerABI.c.o  -o cmTryCompileExec -rdynamic  ]
  ignore line: [Using built-in specs.]
  ignore line: [COLLECT_GCC=/opt/gcc-4.8.3/bin/gcc]
  ignore line: [COLLECT_LTO_WRAPPER=/opt/gcc-4.8.3/libexec/gcc/x86_64-unknown-linux-gnu/4.8.3/lto-wrapper]
  ignore line: [Target: x86_64-unknown-linux-gnu]
  ignore line: [Configured with: ../configure --prefix=/opt/gcc-4.8.3 --enable-languages=c,c++,fortran --disable-multilib]
  ignore line: [Thread model: posix]
  ignore line: [gcc version 4.8.3 (GCC) ]
  ignore line: [COMPILER_PATH=/opt/gcc-4.8.3/libexec/gcc/x86_64-unknown-linux-gnu/4.8.3/:/opt/gcc-4.8.3/libexec/gcc/x86_64-unknown-linux-gnu/4.8.3/:/opt/gcc-4.8.3/libexec/gcc/x86_64-unknown-linux-gnu/:/opt/gcc-4.8.3/lib/gcc/x86_64-unknown-linux-gnu/4.8.3/:/opt/gcc-4.8.3/lib/gcc/x86_64-unknown-linux-gnu/]
  ignore line: [LIBRARY_PATH=/opt/gcc-4.8.3/lib/gcc/x86_64-unknown-linux-gnu/4.8.3/:/opt/gcc-4.8.3/lib/gcc/x86_64-unknown-linux-gnu/4.8.3/../../../../lib64/:/lib/x86_64-linux-gnu/:/lib/../lib64/:/usr/lib/x86_64-linux-gnu/:/usr/lib/../lib64/:./:/opt/gcc-4.8.3/lib/gcc/x86_64-unknown-linux-gnu/4.8.3/../../../:/lib/:/usr/lib/]
  ignore line: [COLLECT_GCC_OPTIONS='-v' '-o' 'cmTryCompileExec' '-rdynamic' '-mtune=generic' '-march=x86-64']
  link line: [ /opt/gcc-4.8.3/libexec/gcc/x86_64-unknown-linux-gnu/4.8.3/collect2 --eh-frame-hdr -m elf_x86_64 -export-dynamic -dynamic-linker /lib64/ld-linux-x86-64.so.2 -o cmTryCompileExec /usr/lib/x86_64-linux-gnu/crt1.o /usr/lib/x86_64-linux-gnu/crti.o /opt/gcc-4.8.3/lib/gcc/x86_64-unknown-linux-gnu/4.8.3/crtbegin.o -L/opt/gcc-4.8.3/lib/gcc/x86_64-unknown-linux-gnu/4.8.3 -L/opt/gcc-4.8.3/lib/gcc/x86_64-unknown-linux-gnu/4.8.3/../../../../lib64 -L/lib/x86_64-linux-gnu -L/lib/../lib64 -L/usr/lib/x86_64-linux-gnu -L/usr/lib/../lib64 -L. -L/opt/gcc-4.8.3/lib/gcc/x86_64-unknown-linux-gnu/4.8.3/../../.. CMakeFiles/cmTryCompileExec.dir/CMakeCCompilerABI.c.o -lgcc --as-needed -lgcc_s --no-as-needed -lc -lgcc --as-needed -lgcc_s --no-as-needed /opt/gcc-4.8.3/lib/gcc/x86_64-unknown-linux-gnu/4.8.3/crtend.o /usr/lib/x86_64-linux-gnu/crtn.o]
    arg [/opt/gcc-4.8.3/libexec/gcc/x86_64-unknown-linux-gnu/4.8.3/collect2] ==> ignore
    arg [--eh-frame-hdr] ==> ignore
    arg [-m] ==> ignore
    arg [elf_x86_64] ==> ignore
    arg [-export-dynamic] ==> ignore
    arg [-dynamic-linker] ==> ignore
    arg [/lib64/ld-linux-x86-64.so.2] ==> ignore
    arg [-o] ==> ignore
    arg [cmTryCompileExec] ==> ignore
    arg [/usr/lib/x86_64-linux-gnu/crt1.o] ==> ignore
    arg [/usr/lib/x86_64-linux-gnu/crti.o] ==> ignore
    arg [/opt/gcc-4.8.3/lib/gcc/x86_64-unknown-linux-gnu/4.8.3/crtbegin.o] ==> ignore
    arg [-L/opt/gcc-4.8.3/lib/gcc/x86_64-unknown-linux-gnu/4.8.3] ==> dir [/opt/gcc-4.8.3/lib/gcc/x86_64-unknown-linux-gnu/4.8.3]
    arg [-L/opt/gcc-4.8.3/lib/gcc/x86_64-unknown-linux-gnu/4.8.3/../../../../lib64] ==> dir [/opt/gcc-4.8.3/lib/gcc/x86_64-unknown-linux-gnu/4.8.3/../../../../lib64]
    arg [-L/lib/x86_64-linux-gnu] ==> dir [/lib/x86_64-linux-gnu]
    arg [-L/lib/../lib64] ==> dir [/lib/../lib64]
    arg [-L/usr/lib/x86_64-linux-gnu] ==> dir [/usr/lib/x86_64-linux-gnu]
    arg [-L/usr/lib/../lib64] ==> dir [/usr/lib/../lib64]
    arg [-L.] ==> ignore
    arg [-L/opt/gcc-4.8.3/lib/gcc/x86_64-unknown-linux-gnu/4.8.3/../../..] ==> dir [/opt/gcc-4.8.3/lib/gcc/x86_64-unknown-linux-gnu/4.8.3/../../..]
    arg [CMakeFiles/cmTryCompileExec.dir/CMakeCCompilerABI.c.o] ==> ignore
    arg [-lgcc] ==> lib [gcc]
    arg [--as-needed] ==> ignore
    arg [-lgcc_s] ==> lib [gcc_s]
    arg [--no-as-needed] ==> ignore
    arg [-lc] ==> lib [c]
    arg [-lgcc] ==> lib [gcc]
    arg [--as-needed] ==> ignore
    arg [-lgcc_s] ==> lib [gcc_s]
    arg [--no-as-needed] ==> ignore
    arg [/opt/gcc-4.8.3/lib/gcc/x86_64-unknown-linux-gnu/4.8.3/crtend.o] ==> ignore
    arg [/usr/lib/x86_64-linux-gnu/crtn.o] ==> ignore
  remove lib [gcc]
  remove lib [gcc_s]
  remove lib [gcc]
  remove lib [gcc_s]
  collapse dir [/opt/gcc-4.8.3/lib/gcc/x86_64-unknown-linux-gnu/4.8.3] ==> [/opt/gcc-4.8.3/lib/gcc/x86_64-unknown-linux-gnu/4.8.3]
  collapse dir [/opt/gcc-4.8.3/lib/gcc/x86_64-unknown-linux-gnu/4.8.3/../../../../lib64] ==> [/opt/gcc-4.8.3/lib64]
  collapse dir [/lib/x86_64-linux-gnu] ==> [/lib/x86_64-linux-gnu]
  collapse dir [/lib/../lib64] ==> [/lib64]
  collapse dir [/usr/lib/x86_64-linux-gnu] ==> [/usr/lib/x86_64-linux-gnu]
  collapse dir [/usr/lib/../lib64] ==> [/usr/lib64]
  collapse dir [/opt/gcc-4.8.3/lib/gcc/x86_64-unknown-linux-gnu/4.8.3/../../..] ==> [/opt/gcc-4.8.3/lib]
  implicit libs: [c]
  implicit dirs: [/opt/gcc-4.8.3/lib/gcc/x86_64-unknown-linux-gnu/4.8.3;/opt/gcc-4.8.3/lib64;/lib/x86_64-linux-gnu;/lib64;/usr/lib/x86_64-linux-gnu;/usr/lib64;/opt/gcc-4.8.3/lib]


Determining if the CXX compiler works passed with the following output:
Change Dir: /home/chakro23/exa2ct/shark/eigen/build_dir/CMakeFiles/CMakeTmp

Run Build Command:/usr/bin/make "cmTryCompileExec/fast"
/usr/bin/make -f CMakeFiles/cmTryCompileExec.dir/build.make CMakeFiles/cmTryCompileExec.dir/build
make[1]: Entering directory `/home/chakro23/exa2ct/shark/eigen/build_dir/CMakeFiles/CMakeTmp'
/usr/bin/cmake -E cmake_progress_report /home/chakro23/exa2ct/shark/eigen/build_dir/CMakeFiles/CMakeTmp/CMakeFiles 1
Building CXX object CMakeFiles/cmTryCompileExec.dir/testCXXCompiler.cxx.o
/opt/gcc-4.8.3/bin/c++     -o CMakeFiles/cmTryCompileExec.dir/testCXXCompiler.cxx.o -c /home/chakro23/exa2ct/shark/eigen/build_dir/CMakeFiles/CMakeTmp/testCXXCompiler.cxx
Linking CXX executable cmTryCompileExec
/usr/bin/cmake -E cmake_link_script CMakeFiles/cmTryCompileExec.dir/link.txt --verbose=1
/opt/gcc-4.8.3/bin/c++          CMakeFiles/cmTryCompileExec.dir/testCXXCompiler.cxx.o  -o cmTryCompileExec -rdynamic 
make[1]: Leaving directory `/home/chakro23/exa2ct/shark/eigen/build_dir/CMakeFiles/CMakeTmp'


Detecting CXX compiler ABI info compiled with the following output:
Change Dir: /home/chakro23/exa2ct/shark/eigen/build_dir/CMakeFiles/CMakeTmp

Run Build Command:/usr/bin/make "cmTryCompileExec/fast"
/usr/bin/make -f CMakeFiles/cmTryCompileExec.dir/build.make CMakeFiles/cmTryCompileExec.dir/build
make[1]: Entering directory `/home/chakro23/exa2ct/shark/eigen/build_dir/CMakeFiles/CMakeTmp'
/usr/bin/cmake -E cmake_progress_report /home/chakro23/exa2ct/shark/eigen/build_dir/CMakeFiles/CMakeTmp/CMakeFiles 1
Building CXX object CMakeFiles/cmTryCompileExec.dir/CMakeCXXCompilerABI.cpp.o
/opt/gcc-4.8.3/bin/c++     -o CMakeFiles/cmTryCompileExec.dir/CMakeCXXCompilerABI.cpp.o -c /usr/share/cmake-2.8/Modules/CMakeCXXCompilerABI.cpp
Linking CXX executable cmTryCompileExec
/usr/bin/cmake -E cmake_link_script CMakeFiles/cmTryCompileExec.dir/link.txt --verbose=1
/opt/gcc-4.8.3/bin/c++        -v CMakeFiles/cmTryCompileExec.dir/CMakeCXXCompilerABI.cpp.o  -o cmTryCompileExec -rdynamic  
Using built-in specs.
COLLECT_GCC=/opt/gcc-4.8.3/bin/c++
COLLECT_LTO_WRAPPER=/opt/gcc-4.8.3/libexec/gcc/x86_64-unknown-linux-gnu/4.8.3/lto-wrapper
Target: x86_64-unknown-linux-gnu
Configured with: ../configure --prefix=/opt/gcc-4.8.3 --enable-languages=c,c++,fortran --disable-multilib
Thread model: posix
gcc version 4.8.3 (GCC) 
COMPILER_PATH=/opt/gcc-4.8.3/libexec/gcc/x86_64-unknown-linux-gnu/4.8.3/:/opt/gcc-4.8.3/libexec/gcc/x86_64-unknown-linux-gnu/4.8.3/:/opt/gcc-4.8.3/libexec/gcc/x86_64-unknown-linux-gnu/:/opt/gcc-4.8.3/lib/gcc/x86_64-unknown-linux-gnu/4.8.3/:/opt/gcc-4.8.3/lib/gcc/x86_64-unknown-linux-gnu/
LIBRARY_PATH=/opt/gcc-4.8.3/lib/gcc/x86_64-unknown-linux-gnu/4.8.3/:/opt/gcc-4.8.3/lib/gcc/x86_64-unknown-linux-gnu/4.8.3/../../../../lib64/:/lib/x86_64-linux-gnu/:/lib/../lib64/:/usr/lib/x86_64-linux-gnu/:/usr/lib/../lib64/:./:/opt/gcc-4.8.3/lib/gcc/x86_64-unknown-linux-gnu/4.8.3/../../../:/lib/:/usr/lib/
COLLECT_GCC_OPTIONS='-v' '-o' 'cmTryCompileExec' '-rdynamic' '-shared-libgcc' '-mtune=generic' '-march=x86-64'
 /opt/gcc-4.8.3/libexec/gcc/x86_64-unknown-linux-gnu/4.8.3/collect2 --eh-frame-hdr -m elf_x86_64 -export-dynamic -dynamic-linker /lib64/ld-linux-x86-64.so.2 -o cmTryCompileExec /usr/lib/x86_64-linux-gnu/crt1.o /usr/lib/x86_64-linux-gnu/crti.o /opt/gcc-4.8.3/lib/gcc/x86_64-unknown-linux-gnu/4.8.3/crtbegin.o -L/opt/gcc-4.8.3/lib/gcc/x86_64-unknown-linux-gnu/4.8.3 -L/opt/gcc-4.8.3/lib/gcc/x86_64-unknown-linux-gnu/4.8.3/../../../../lib64 -L/lib/x86_64-linux-gnu -L/lib/../lib64 -L/usr/lib/x86_64-linux-gnu -L/usr/lib/../lib64 -L. -L/opt/gcc-4.8.3/lib/gcc/x86_64-unknown-linux-gnu/4.8.3/../../.. CMakeFiles/cmTryCompileExec.dir/CMakeCXXCompilerABI.cpp.o -lstdc++ -lm -lgcc_s -lgcc -lc -lgcc_s -lgcc /opt/gcc-4.8.3/lib/gcc/x86_64-unknown-linux-gnu/4.8.3/crtend.o /usr/lib/x86_64-linux-gnu/crtn.o
make[1]: Leaving directory `/home/chakro23/exa2ct/shark/eigen/build_dir/CMakeFiles/CMakeTmp'


Parsed CXX implicit link information from above output:
  link line regex: [^( *|.*[/\])(ld|ld|collect2)[^/\]*( |$)]
  ignore line: [Change Dir: /home/chakro23/exa2ct/shark/eigen/build_dir/CMakeFiles/CMakeTmp]
  ignore line: []
  ignore line: [Run Build Command:/usr/bin/make "cmTryCompileExec/fast"]
  ignore line: [/usr/bin/make -f CMakeFiles/cmTryCompileExec.dir/build.make CMakeFiles/cmTryCompileExec.dir/build]
  ignore line: [make[1]: Entering directory `/home/chakro23/exa2ct/shark/eigen/build_dir/CMakeFiles/CMakeTmp']
  ignore line: [/usr/bin/cmake -E cmake_progress_report /home/chakro23/exa2ct/shark/eigen/build_dir/CMakeFiles/CMakeTmp/CMakeFiles 1]
  ignore line: [Building CXX object CMakeFiles/cmTryCompileExec.dir/CMakeCXXCompilerABI.cpp.o]
  ignore line: [/opt/gcc-4.8.3/bin/c++     -o CMakeFiles/cmTryCompileExec.dir/CMakeCXXCompilerABI.cpp.o -c /usr/share/cmake-2.8/Modules/CMakeCXXCompilerABI.cpp]
  ignore line: [Linking CXX executable cmTryCompileExec]
  ignore line: [/usr/bin/cmake -E cmake_link_script CMakeFiles/cmTryCompileExec.dir/link.txt --verbose=1]
  ignore line: [/opt/gcc-4.8.3/bin/c++        -v CMakeFiles/cmTryCompileExec.dir/CMakeCXXCompilerABI.cpp.o  -o cmTryCompileExec -rdynamic  ]
  ignore line: [Using built-in specs.]
  ignore line: [COLLECT_GCC=/opt/gcc-4.8.3/bin/c++]
  ignore line: [COLLECT_LTO_WRAPPER=/opt/gcc-4.8.3/libexec/gcc/x86_64-unknown-linux-gnu/4.8.3/lto-wrapper]
  ignore line: [Target: x86_64-unknown-linux-gnu]
  ignore line: [Configured with: ../configure --prefix=/opt/gcc-4.8.3 --enable-languages=c,c++,fortran --disable-multilib]
  ignore line: [Thread model: posix]
  ignore line: [gcc version 4.8.3 (GCC) ]
  ignore line: [COMPILER_PATH=/opt/gcc-4.8.3/libexec/gcc/x86_64-unknown-linux-gnu/4.8.3/:/opt/gcc-4.8.3/libexec/gcc/x86_64-unknown-linux-gnu/4.8.3/:/opt/gcc-4.8.3/libexec/gcc/x86_64-unknown-linux-gnu/:/opt/gcc-4.8.3/lib/gcc/x86_64-unknown-linux-gnu/4.8.3/:/opt/gcc-4.8.3/lib/gcc/x86_64-unknown-linux-gnu/]
  ignore line: [LIBRARY_PATH=/opt/gcc-4.8.3/lib/gcc/x86_64-unknown-linux-gnu/4.8.3/:/opt/gcc-4.8.3/lib/gcc/x86_64-unknown-linux-gnu/4.8.3/../../../../lib64/:/lib/x86_64-linux-gnu/:/lib/../lib64/:/usr/lib/x86_64-linux-gnu/:/usr/lib/../lib64/:./:/opt/gcc-4.8.3/lib/gcc/x86_64-unknown-linux-gnu/4.8.3/../../../:/lib/:/usr/lib/]
  ignore line: [COLLECT_GCC_OPTIONS='-v' '-o' 'cmTryCompileExec' '-rdynamic' '-shared-libgcc' '-mtune=generic' '-march=x86-64']
  link line: [ /opt/gcc-4.8.3/libexec/gcc/x86_64-unknown-linux-gnu/4.8.3/collect2 --eh-frame-hdr -m elf_x86_64 -export-dynamic -dynamic-linker /lib64/ld-linux-x86-64.so.2 -o cmTryCompileExec /usr/lib/x86_64-linux-gnu/crt1.o /usr/lib/x86_64-linux-gnu/crti.o /opt/gcc-4.8.3/lib/gcc/x86_64-unknown-linux-gnu/4.8.3/crtbegin.o -L/opt/gcc-4.8.3/lib/gcc/x86_64-unknown-linux-gnu/4.8.3 -L/opt/gcc-4.8.3/lib/gcc/x86_64-unknown-linux-gnu/4.8.3/../../../../lib64 -L/lib/x86_64-linux-gnu -L/lib/../lib64 -L/usr/lib/x86_64-linux-gnu -L/usr/lib/../lib64 -L. -L/opt/gcc-4.8.3/lib/gcc/x86_64-unknown-linux-gnu/4.8.3/../../.. CMakeFiles/cmTryCompileExec.dir/CMakeCXXCompilerABI.cpp.o -lstdc++ -lm -lgcc_s -lgcc -lc -lgcc_s -lgcc /opt/gcc-4.8.3/lib/gcc/x86_64-unknown-linux-gnu/4.8.3/crtend.o /usr/lib/x86_64-linux-gnu/crtn.o]
    arg [/opt/gcc-4.8.3/libexec/gcc/x86_64-unknown-linux-gnu/4.8.3/collect2] ==> ignore
    arg [--eh-frame-hdr] ==> ignore
    arg [-m] ==> ignore
    arg [elf_x86_64] ==> ignore
    arg [-export-dynamic] ==> ignore
    arg [-dynamic-linker] ==> ignore
    arg [/lib64/ld-linux-x86-64.so.2] ==> ignore
    arg [-o] ==> ignore
    arg [cmTryCompileExec] ==> ignore
    arg [/usr/lib/x86_64-linux-gnu/crt1.o] ==> ignore
    arg [/usr/lib/x86_64-linux-gnu/crti.o] ==> ignore
    arg [/opt/gcc-4.8.3/lib/gcc/x86_64-unknown-linux-gnu/4.8.3/crtbegin.o] ==> ignore
    arg [-L/opt/gcc-4.8.3/lib/gcc/x86_64-unknown-linux-gnu/4.8.3] ==> dir [/opt/gcc-4.8.3/lib/gcc/x86_64-unknown-linux-gnu/4.8.3]
    arg [-L/opt/gcc-4.8.3/lib/gcc/x86_64-unknown-linux-gnu/4.8.3/../../../../lib64] ==> dir [/opt/gcc-4.8.3/lib/gcc/x86_64-unknown-linux-gnu/4.8.3/../../../../lib64]
    arg [-L/lib/x86_64-linux-gnu] ==> dir [/lib/x86_64-linux-gnu]
    arg [-L/lib/../lib64] ==> dir [/lib/../lib64]
    arg [-L/usr/lib/x86_64-linux-gnu] ==> dir [/usr/lib/x86_64-linux-gnu]
    arg [-L/usr/lib/../lib64] ==> dir [/usr/lib/../lib64]
    arg [-L.] ==> ignore
    arg [-L/opt/gcc-4.8.3/lib/gcc/x86_64-unknown-linux-gnu/4.8.3/../../..] ==> dir [/opt/gcc-4.8.3/lib/gcc/x86_64-unknown-linux-gnu/4.8.3/../../..]
    arg [CMakeFiles/cmTryCompileExec.dir/CMakeCXXCompilerABI.cpp.o] ==> ignore
    arg [-lstdc++] ==> lib [stdc++]
    arg [-lm] ==> lib [m]
    arg [-lgcc_s] ==> lib [gcc_s]
    arg [-lgcc] ==> lib [gcc]
    arg [-lc] ==> lib [c]
    arg [-lgcc_s] ==> lib [gcc_s]
    arg [-lgcc] ==> lib [gcc]
    arg [/opt/gcc-4.8.3/lib/gcc/x86_64-unknown-linux-gnu/4.8.3/crtend.o] ==> ignore
    arg [/usr/lib/x86_64-linux-gnu/crtn.o] ==> ignore
  remove lib [gcc_s]
  remove lib [gcc]
  remove lib [gcc_s]
  remove lib [gcc]
  collapse dir [/opt/gcc-4.8.3/lib/gcc/x86_64-unknown-linux-gnu/4.8.3] ==> [/opt/gcc-4.8.3/lib/gcc/x86_64-unknown-linux-gnu/4.8.3]
  collapse dir [/opt/gcc-4.8.3/lib/gcc/x86_64-unknown-linux-gnu/4.8.3/../../../../lib64] ==> [/opt/gcc-4.8.3/lib64]
  collapse dir [/lib/x86_64-linux-gnu] ==> [/lib/x86_64-linux-gnu]
  collapse dir [/lib/../lib64] ==> [/lib64]
  collapse dir [/usr/lib/x86_64-linux-gnu] ==> [/usr/lib/x86_64-linux-gnu]
  collapse dir [/usr/lib/../lib64] ==> [/usr/lib64]
  collapse dir [/opt/gcc-4.8.3/lib/gcc/x86_64-unknown-linux-gnu/4.8.3/../../..] ==> [/opt/gcc-4.8.3/lib]
  implicit libs: [stdc++;m;c]
  implicit dirs: [/opt/gcc-4.8.3/lib/gcc/x86_64-unknown-linux-gnu/4.8.3;/opt/gcc-4.8.3/lib64;/lib/x86_64-linux-gnu;/lib64;/usr/lib/x86_64-linux-gnu;/usr/lib64;/opt/gcc-4.8.3/lib]


Performing C++ SOURCE FILE Test standard_math_library_linked_to_automatically succeded with the following output:
Change Dir: /home/chakro23/exa2ct/shark/eigen/build_dir/CMakeFiles/CMakeTmp

Run Build Command:/usr/bin/make "cmTryCompileExec/fast"
/usr/bin/make -f CMakeFiles/cmTryCompileExec.dir/build.make CMakeFiles/cmTryCompileExec.dir/build
make[1]: Entering directory `/home/chakro23/exa2ct/shark/eigen/build_dir/CMakeFiles/CMakeTmp'
/usr/bin/cmake -E cmake_progress_report /home/chakro23/exa2ct/shark/eigen/build_dir/CMakeFiles/CMakeTmp/CMakeFiles 1
Building CXX object CMakeFiles/cmTryCompileExec.dir/src.cxx.o
/opt/gcc-4.8.3/bin/c++    -Dstandard_math_library_linked_to_automatically   -o CMakeFiles/cmTryCompileExec.dir/src.cxx.o -c /home/chakro23/exa2ct/shark/eigen/build_dir/CMakeFiles/CMakeTmp/src.cxx
Linking CXX executable cmTryCompileExec
/usr/bin/cmake -E cmake_link_script CMakeFiles/cmTryCompileExec.dir/link.txt --verbose=1
/opt/gcc-4.8.3/bin/c++      -Dstandard_math_library_linked_to_automatically    CMakeFiles/cmTryCompileExec.dir/src.cxx.o  -o cmTryCompileExec -rdynamic 
make[1]: Leaving directory `/home/chakro23/exa2ct/shark/eigen/build_dir/CMakeFiles/CMakeTmp'

Source file was:
#include<cmath>
int main() { std::sin(0.0); std::log(0.0f); }
Performing C++ SOURCE FILE Test COMPILER_SUPPORT_WERROR succeded with the following output:
Change Dir: /home/chakro23/exa2ct/shark/eigen/build_dir/CMakeFiles/CMakeTmp

Run Build Command:/usr/bin/make "cmTryCompileExec/fast"
/usr/bin/make -f CMakeFiles/cmTryCompileExec.dir/build.make CMakeFiles/cmTryCompileExec.dir/build
make[1]: Entering directory `/home/chakro23/exa2ct/shark/eigen/build_dir/CMakeFiles/CMakeTmp'
/usr/bin/cmake -E cmake_progress_report /home/chakro23/exa2ct/shark/eigen/build_dir/CMakeFiles/CMakeTmp/CMakeFiles 1
Building CXX object CMakeFiles/cmTryCompileExec.dir/src.cxx.o
/opt/gcc-4.8.3/bin/c++    -fexceptions  -DCOMPILER_SUPPORT_WERROR   -Werror -o CMakeFiles/cmTryCompileExec.dir/src.cxx.o -c /home/chakro23/exa2ct/shark/eigen/build_dir/CMakeFiles/CMakeTmp/src.cxx
Linking CXX executable cmTryCompileExec
/usr/bin/cmake -E cmake_link_script CMakeFiles/cmTryCompileExec.dir/link.txt --verbose=1
/opt/gcc-4.8.3/bin/c++     -fexceptions  -DCOMPILER_SUPPORT_WERROR    CMakeFiles/cmTryCompileExec.dir/src.cxx.o  -o cmTryCompileExec -rdynamic 
make[1]: Leaving directory `/home/chakro23/exa2ct/shark/eigen/build_dir/CMakeFiles/CMakeTmp'

Source file was:
int main() { return 0;}
Performing C++ SOURCE FILE Test COMPILER_SUPPORT_pedantic succeded with the following output:
Change Dir: /home/chakro23/exa2ct/shark/eigen/build_dir/CMakeFiles/CMakeTmp

Run Build Command:/usr/bin/make "cmTryCompileExec/fast"
/usr/bin/make -f CMakeFiles/cmTryCompileExec.dir/build.make CMakeFiles/cmTryCompileExec.dir/build
make[1]: Entering directory `/home/chakro23/exa2ct/shark/eigen/build_dir/CMakeFiles/CMakeTmp'
/usr/bin/cmake -E cmake_progress_report /home/chakro23/exa2ct/shark/eigen/build_dir/CMakeFiles/CMakeTmp/CMakeFiles 1
Building CXX object CMakeFiles/cmTryCompileExec.dir/src.cxx.o
/opt/gcc-4.8.3/bin/c++    -fexceptions  -DCOMPILER_SUPPORT_pedantic -Werror   -pedantic -o CMakeFiles/cmTryCompileExec.dir/src.cxx.o -c /home/chakro23/exa2ct/shark/eigen/build_dir/CMakeFiles/CMakeTmp/src.cxx
Linking CXX executable cmTryCompileExec
/usr/bin/cmake -E cmake_link_script CMakeFiles/cmTryCompileExec.dir/link.txt --verbose=1
/opt/gcc-4.8.3/bin/c++     -fexceptions  -DCOMPILER_SUPPORT_pedantic -Werror    CMakeFiles/cmTryCompileExec.dir/src.cxx.o  -o cmTryCompileExec -rdynamic 
make[1]: Leaving directory `/home/chakro23/exa2ct/shark/eigen/build_dir/CMakeFiles/CMakeTmp'

Source file was:
int main() { return 0;}
Performing C++ SOURCE FILE Test COMPILER_SUPPORT_Wall succeded with the following output:
Change Dir: /home/chakro23/exa2ct/shark/eigen/build_dir/CMakeFiles/CMakeTmp

Run Build Command:/usr/bin/make "cmTryCompileExec/fast"
/usr/bin/make -f CMakeFiles/cmTryCompileExec.dir/build.make CMakeFiles/cmTryCompileExec.dir/build
make[1]: Entering directory `/home/chakro23/exa2ct/shark/eigen/build_dir/CMakeFiles/CMakeTmp'
/usr/bin/cmake -E cmake_progress_report /home/chakro23/exa2ct/shark/eigen/build_dir/CMakeFiles/CMakeTmp/CMakeFiles 1
Building CXX object CMakeFiles/cmTryCompileExec.dir/src.cxx.o
/opt/gcc-4.8.3/bin/c++    -fexceptions -pedantic  -DCOMPILER_SUPPORT_Wall -Werror   -Wall -o CMakeFiles/cmTryCompileExec.dir/src.cxx.o -c /home/chakro23/exa2ct/shark/eigen/build_dir/CMakeFiles/CMakeTmp/src.cxx
Linking CXX executable cmTryCompileExec
/usr/bin/cmake -E cmake_link_script CMakeFiles/cmTryCompileExec.dir/link.txt --verbose=1
/opt/gcc-4.8.3/bin/c++     -fexceptions -pedantic  -DCOMPILER_SUPPORT_Wall -Werror    CMakeFiles/cmTryCompileExec.dir/src.cxx.o  -o cmTryCompileExec -rdynamic 
make[1]: Leaving directory `/home/chakro23/exa2ct/shark/eigen/build_dir/CMakeFiles/CMakeTmp'

Source file was:
int main() { return 0;}
Performing C++ SOURCE FILE Test COMPILER_SUPPORT_Wextra succeded with the following output:
Change Dir: /home/chakro23/exa2ct/shark/eigen/build_dir/CMakeFiles/CMakeTmp

Run Build Command:/usr/bin/make "cmTryCompileExec/fast"
/usr/bin/make -f CMakeFiles/cmTryCompileExec.dir/build.make CMakeFiles/cmTryCompileExec.dir/build
make[1]: Entering directory `/home/chakro23/exa2ct/shark/eigen/build_dir/CMakeFiles/CMakeTmp'
/usr/bin/cmake -E cmake_progress_report /home/chakro23/exa2ct/shark/eigen/build_dir/CMakeFiles/CMakeTmp/CMakeFiles 1
Building CXX object CMakeFiles/cmTryCompileExec.dir/src.cxx.o
/opt/gcc-4.8.3/bin/c++    -fexceptions -pedantic -Wall  -DCOMPILER_SUPPORT_Wextra -Werror   -Wextra -o CMakeFiles/cmTryCompileExec.dir/src.cxx.o -c /home/chakro23/exa2ct/shark/eigen/build_dir/CMakeFiles/CMakeTmp/src.cxx
Linking CXX executable cmTryCompileExec
/usr/bin/cmake -E cmake_link_script CMakeFiles/cmTryCompileExec.dir/link.txt --verbose=1
/opt/gcc-4.8.3/bin/c++     -fexceptions -pedantic -Wall  -DCOMPILER_SUPPORT_Wextra -Werror    CMakeFiles/cmTryCompileExec.dir/src.cxx.o  -o cmTryCompileExec -rdynamic 
make[1]: Leaving directory `/home/chakro23/exa2ct/shark/eigen/build_dir/CMakeFiles/CMakeTmp'

Source file was:
int main() { return 0;}
Performing C++ SOURCE FILE Test COMPILER_SUPPORT_Wundef succeded with the following output:
Change Dir: /home/chakro23/exa2ct/shark/eigen/build_dir/CMakeFiles/CMakeTmp

Run Build Command:/usr/bin/make "cmTryCompileExec/fast"
/usr/bin/make -f CMakeFiles/cmTryCompileExec.dir/build.make CMakeFiles/cmTryCompileExec.dir/build
make[1]: Entering directory `/home/chakro23/exa2ct/shark/eigen/build_dir/CMakeFiles/CMakeTmp'
/usr/bin/cmake -E cmake_progress_report /home/chakro23/exa2ct/shark/eigen/build_dir/CMakeFiles/CMakeTmp/CMakeFiles 1
Building CXX object CMakeFiles/cmTryCompileExec.dir/src.cxx.o
/opt/gcc-4.8.3/bin/c++    -fexceptions -pedantic -Wall -Wextra  -DCOMPILER_SUPPORT_Wundef -Werror   -Wundef -o CMakeFiles/cmTryCompileExec.dir/src.cxx.o -c /home/chakro23/exa2ct/shark/eigen/build_dir/CMakeFiles/CMakeTmp/src.cxx
Linking CXX executable cmTryCompileExec
/usr/bin/cmake -E cmake_link_script CMakeFiles/cmTryCompileExec.dir/link.txt --verbose=1
/opt/gcc-4.8.3/bin/c++     -fexceptions -pedantic -Wall -Wextra  -DCOMPILER_SUPPORT_Wundef -Werror    CMakeFiles/cmTryCompileExec.dir/src.cxx.o  -o cmTryCompileExec -rdynamic 
make[1]: Leaving directory `/home/chakro23/exa2ct/shark/eigen/build_dir/CMakeFiles/CMakeTmp'

Source file was:
int main() { return 0;}
Performing C++ SOURCE FILE Test COMPILER_SUPPORT_Wcastalign succeded with the following output:
Change Dir: /home/chakro23/exa2ct/shark/eigen/build_dir/CMakeFiles/CMakeTmp

Run Build Command:/usr/bin/make "cmTryCompileExec/fast"
/usr/bin/make -f CMakeFiles/cmTryCompileExec.dir/build.make CMakeFiles/cmTryCompileExec.dir/build
make[1]: Entering directory `/home/chakro23/exa2ct/shark/eigen/build_dir/CMakeFiles/CMakeTmp'
/usr/bin/cmake -E cmake_progress_report /home/chakro23/exa2ct/shark/eigen/build_dir/CMakeFiles/CMakeTmp/CMakeFiles 1
Building CXX object CMakeFiles/cmTryCompileExec.dir/src.cxx.o
/opt/gcc-4.8.3/bin/c++    -fexceptions -pedantic -Wall -Wextra -Wundef  -DCOMPILER_SUPPORT_Wcastalign -Werror   -Wcast-align -o CMakeFiles/cmTryCompileExec.dir/src.cxx.o -c /home/chakro23/exa2ct/shark/eigen/build_dir/CMakeFiles/CMakeTmp/src.cxx
Linking CXX executable cmTryCompileExec
/usr/bin/cmake -E cmake_link_script CMakeFiles/cmTryCompileExec.dir/link.txt --verbose=1
/opt/gcc-4.8.3/bin/c++     -fexceptions -pedantic -Wall -Wextra -Wundef  -DCOMPILER_SUPPORT_Wcastalign -Werror    CMakeFiles/cmTryCompileExec.dir/src.cxx.o  -o cmTryCompileExec -rdynamic 
make[1]: Leaving directory `/home/chakro23/exa2ct/shark/eigen/build_dir/CMakeFiles/CMakeTmp'

Source file was:
int main() { return 0;}
Performing C++ SOURCE FILE Test COMPILER_SUPPORT_Wcharsubscripts succeded with the following output:
Change Dir: /home/chakro23/exa2ct/shark/eigen/build_dir/CMakeFiles/CMakeTmp

Run Build Command:/usr/bin/make "cmTryCompileExec/fast"
/usr/bin/make -f CMakeFiles/cmTryCompileExec.dir/build.make CMakeFiles/cmTryCompileExec.dir/build
make[1]: Entering directory `/home/chakro23/exa2ct/shark/eigen/build_dir/CMakeFiles/CMakeTmp'
/usr/bin/cmake -E cmake_progress_report /home/chakro23/exa2ct/shark/eigen/build_dir/CMakeFiles/CMakeTmp/CMakeFiles 1
Building CXX object CMakeFiles/cmTryCompileExec.dir/src.cxx.o
/opt/gcc-4.8.3/bin/c++    -fexceptions -pedantic -Wall -Wextra -Wundef -Wcast-align  -DCOMPILER_SUPPORT_Wcharsubscripts -Werror   -Wchar-subscripts -o CMakeFiles/cmTryCompileExec.dir/src.cxx.o -c /home/chakro23/exa2ct/shark/eigen/build_dir/CMakeFiles/CMakeTmp/src.cxx
Linking CXX executable cmTryCompileExec
/usr/bin/cmake -E cmake_link_script CMakeFiles/cmTryCompileExec.dir/link.txt --verbose=1
/opt/gcc-4.8.3/bin/c++     -fexceptions -pedantic -Wall -Wextra -Wundef -Wcast-align  -DCOMPILER_SUPPORT_Wcharsubscripts -Werror    CMakeFiles/cmTryCompileExec.dir/src.cxx.o  -o cmTryCompileExec -rdynamic 
make[1]: Leaving directory `/home/chakro23/exa2ct/shark/eigen/build_dir/CMakeFiles/CMakeTmp'

Source file was:
int main() { return 0;}
Performing C++ SOURCE FILE Test COMPILER_SUPPORT_Wnonvirtualdtor succeded with the following output:
Change Dir: /home/chakro23/exa2ct/shark/eigen/build_dir/CMakeFiles/CMakeTmp

Run Build Command:/usr/bin/make "cmTryCompileExec/fast"
/usr/bin/make -f CMakeFiles/cmTryCompileExec.dir/build.make CMakeFiles/cmTryCompileExec.dir/build
make[1]: Entering directory `/home/chakro23/exa2ct/shark/eigen/build_dir/CMakeFiles/CMakeTmp'
/usr/bin/cmake -E cmake_progress_report /home/chakro23/exa2ct/shark/eigen/build_dir/CMakeFiles/CMakeTmp/CMakeFiles 1
Building CXX object CMakeFiles/cmTryCompileExec.dir/src.cxx.o
/opt/gcc-4.8.3/bin/c++    -fexceptions -pedantic -Wall -Wextra -Wundef -Wcast-align -Wchar-subscripts  -DCOMPILER_SUPPORT_Wnonvirtualdtor -Werror   -Wnon-virtual-dtor -o CMakeFiles/cmTryCompileExec.dir/src.cxx.o -c /home/chakro23/exa2ct/shark/eigen/build_dir/CMakeFiles/CMakeTmp/src.cxx
Linking CXX executable cmTryCompileExec
/usr/bin/cmake -E cmake_link_script CMakeFiles/cmTryCompileExec.dir/link.txt --verbose=1
/opt/gcc-4.8.3/bin/c++     -fexceptions -pedantic -Wall -Wextra -Wundef -Wcast-align -Wchar-subscripts  -DCOMPILER_SUPPORT_Wnonvirtualdtor -Werror    CMakeFiles/cmTryCompileExec.dir/src.cxx.o  -o cmTryCompileExec -rdynamic 
make[1]: Leaving directory `/home/chakro23/exa2ct/shark/eigen/build_dir/CMakeFiles/CMakeTmp'

Source file was:
int main() { return 0;}
Performing C++ SOURCE FILE Test COMPILER_SUPPORT_Wunusedlocaltypedefs succeded with the following output:
Change Dir: /home/chakro23/exa2ct/shark/eigen/build_dir/CMakeFiles/CMakeTmp

Run Build Command:/usr/bin/make "cmTryCompileExec/fast"
/usr/bin/make -f CMakeFiles/cmTryCompileExec.dir/build.make CMakeFiles/cmTryCompileExec.dir/build
make[1]: Entering directory `/home/chakro23/exa2ct/shark/eigen/build_dir/CMakeFiles/CMakeTmp'
/usr/bin/cmake -E cmake_progress_report /home/chakro23/exa2ct/shark/eigen/build_dir/CMakeFiles/CMakeTmp/CMakeFiles 1
Building CXX object CMakeFiles/cmTryCompileExec.dir/src.cxx.o
/opt/gcc-4.8.3/bin/c++    -fexceptions -pedantic -Wall -Wextra -Wundef -Wcast-align -Wchar-subscripts -Wnon-virtual-dtor  -DCOMPILER_SUPPORT_Wunusedlocaltypedefs -Werror   -Wunused-local-typedefs -o CMakeFiles/cmTryCompileExec.dir/src.cxx.o -c /home/chakro23/exa2ct/shark/eigen/build_dir/CMakeFiles/CMakeTmp/src.cxx
Linking CXX executable cmTryCompileExec
/usr/bin/cmake -E cmake_link_script CMakeFiles/cmTryCompileExec.dir/link.txt --verbose=1
/opt/gcc-4.8.3/bin/c++     -fexceptions -pedantic -Wall -Wextra -Wundef -Wcast-align -Wchar-subscripts -Wnon-virtual-dtor  -DCOMPILER_SUPPORT_Wunusedlocaltypedefs -Werror    CMakeFiles/cmTryCompileExec.dir/src.cxx.o  -o cmTryCompileExec -rdynamic 
make[1]: Leaving directory `/home/chakro23/exa2ct/shark/eigen/build_dir/CMakeFiles/CMakeTmp'

Source file was:
int main() { return 0;}
Performing C++ SOURCE FILE Test COMPILER_SUPPORT_Wpointerarith succeded with the following output:
Change Dir: /home/chakro23/exa2ct/shark/eigen/build_dir/CMakeFiles/CMakeTmp

Run Build Command:/usr/bin/make "cmTryCompileExec/fast"
/usr/bin/make -f CMakeFiles/cmTryCompileExec.dir/build.make CMakeFiles/cmTryCompileExec.dir/build
make[1]: Entering directory `/home/chakro23/exa2ct/shark/eigen/build_dir/CMakeFiles/CMakeTmp'
/usr/bin/cmake -E cmake_progress_report /home/chakro23/exa2ct/shark/eigen/build_dir/CMakeFiles/CMakeTmp/CMakeFiles 1
Building CXX object CMakeFiles/cmTryCompileExec.dir/src.cxx.o
/opt/gcc-4.8.3/bin/c++    -fexceptions -pedantic -Wall -Wextra -Wundef -Wcast-align -Wchar-subscripts -Wnon-virtual-dtor -Wunused-local-typedefs  -DCOMPILER_SUPPORT_Wpointerarith -Werror   -Wpointer-arith -o CMakeFiles/cmTryCompileExec.dir/src.cxx.o -c /home/chakro23/exa2ct/shark/eigen/build_dir/CMakeFiles/CMakeTmp/src.cxx
Linking CXX executable cmTryCompileExec
/usr/bin/cmake -E cmake_link_script CMakeFiles/cmTryCompileExec.dir/link.txt --verbose=1
/opt/gcc-4.8.3/bin/c++     -fexceptions -pedantic -Wall -Wextra -Wundef -Wcast-align -Wchar-subscripts -Wnon-virtual-dtor -Wunused-local-typedefs  -DCOMPILER_SUPPORT_Wpointerarith -Werror    CMakeFiles/cmTryCompileExec.dir/src.cxx.o  -o cmTryCompileExec -rdynamic 
make[1]: Leaving directory `/home/chakro23/exa2ct/shark/eigen/build_dir/CMakeFiles/CMakeTmp'

Source file was:
int main() { return 0;}
Performing C++ SOURCE FILE Test COMPILER_SUPPORT_Wwritestrings succeded with the following output:
Change Dir: /home/chakro23/exa2ct/shark/eigen/build_dir/CMakeFiles/CMakeTmp

Run Build Command:/usr/bin/make "cmTryCompileExec/fast"
/usr/bin/make -f CMakeFiles/cmTryCompileExec.dir/build.make CMakeFiles/cmTryCompileExec.dir/build
make[1]: Entering directory `/home/chakro23/exa2ct/shark/eigen/build_dir/CMakeFiles/CMakeTmp'
/usr/bin/cmake -E cmake_progress_report /home/chakro23/exa2ct/shark/eigen/build_dir/CMakeFiles/CMakeTmp/CMakeFiles 1
Building CXX object CMakeFiles/cmTryCompileExec.dir/src.cxx.o
/opt/gcc-4.8.3/bin/c++    -fexceptions -pedantic -Wall -Wextra -Wundef -Wcast-align -Wchar-subscripts -Wnon-virtual-dtor -Wunused-local-typedefs -Wpointer-arith  -DCOMPILER_SUPPORT_Wwritestrings -Werror   -Wwrite-strings -o CMakeFiles/cmTryCompileExec.dir/src.cxx.o -c /home/chakro23/exa2ct/shark/eigen/build_dir/CMakeFiles/CMakeTmp/src.cxx
Linking CXX executable cmTryCompileExec
/usr/bin/cmake -E cmake_link_script CMakeFiles/cmTryCompileExec.dir/link.txt --verbose=1
/opt/gcc-4.8.3/bin/c++     -fexceptions -pedantic -Wall -Wextra -Wundef -Wcast-align -Wchar-subscripts -Wnon-virtual-dtor -Wunused-local-typedefs -Wpointer-arith  -DCOMPILER_SUPPORT_Wwritestrings -Werror    CMakeFiles/cmTryCompileExec.dir/src.cxx.o  -o cmTryCompileExec -rdynamic 
make[1]: Leaving directory `/home/chakro23/exa2ct/shark/eigen/build_dir/CMakeFiles/CMakeTmp'

Source file was:
int main() { return 0;}
Performing C++ SOURCE FILE Test COMPILER_SUPPORT_Wformatsecurity succeded with the following output:
Change Dir: /home/chakro23/exa2ct/shark/eigen/build_dir/CMakeFiles/CMakeTmp

Run Build Command:/usr/bin/make "cmTryCompileExec/fast"
/usr/bin/make -f CMakeFiles/cmTryCompileExec.dir/build.make CMakeFiles/cmTryCompileExec.dir/build
make[1]: Entering directory `/home/chakro23/exa2ct/shark/eigen/build_dir/CMakeFiles/CMakeTmp'
/usr/bin/cmake -E cmake_progress_report /home/chakro23/exa2ct/shark/eigen/build_dir/CMakeFiles/CMakeTmp/CMakeFiles 1
Building CXX object CMakeFiles/cmTryCompileExec.dir/src.cxx.o
/opt/gcc-4.8.3/bin/c++    -fexceptions -pedantic -Wall -Wextra -Wundef -Wcast-align -Wchar-subscripts -Wnon-virtual-dtor -Wunused-local-typedefs -Wpointer-arith -Wwrite-strings  -DCOMPILER_SUPPORT_Wformatsecurity -Werror   -Wformat-security -o CMakeFiles/cmTryCompileExec.dir/src.cxx.o -c /home/chakro23/exa2ct/shark/eigen/build_dir/CMakeFiles/CMakeTmp/src.cxx
Linking CXX executable cmTryCompileExec
/usr/bin/cmake -E cmake_link_script CMakeFiles/cmTryCompileExec.dir/link.txt --verbose=1
/opt/gcc-4.8.3/bin/c++     -fexceptions -pedantic -Wall -Wextra -Wundef -Wcast-align -Wchar-subscripts -Wnon-virtual-dtor -Wunused-local-typedefs -Wpointer-arith -Wwrite-strings  -DCOMPILER_SUPPORT_Wformatsecurity -Werror    CMakeFiles/cmTryCompileExec.dir/src.cxx.o  -o cmTryCompileExec -rdynamic 
make[1]: Leaving directory `/home/chakro23/exa2ct/shark/eigen/build_dir/CMakeFiles/CMakeTmp'

Source file was:
int main() { return 0;}
Performing C++ SOURCE FILE Test COMPILER_SUPPORT_Wnopsabi succeded with the following output:
Change Dir: /home/chakro23/exa2ct/shark/eigen/build_dir/CMakeFiles/CMakeTmp

Run Build Command:/usr/bin/make "cmTryCompileExec/fast"
/usr/bin/make -f CMakeFiles/cmTryCompileExec.dir/build.make CMakeFiles/cmTryCompileExec.dir/build
make[1]: Entering directory `/home/chakro23/exa2ct/shark/eigen/build_dir/CMakeFiles/CMakeTmp'
/usr/bin/cmake -E cmake_progress_report /home/chakro23/exa2ct/shark/eigen/build_dir/CMakeFiles/CMakeTmp/CMakeFiles 1
Building CXX object CMakeFiles/cmTryCompileExec.dir/src.cxx.o
/opt/gcc-4.8.3/bin/c++    -fexceptions -pedantic -Wall -Wextra -Wundef -Wcast-align -Wchar-subscripts -Wnon-virtual-dtor -Wunused-local-typedefs -Wpointer-arith -Wwrite-strings -Wformat-security  -DCOMPILER_SUPPORT_Wnopsabi -Werror   -Wno-psabi -o CMakeFiles/cmTryCompileExec.dir/src.cxx.o -c /home/chakro23/exa2ct/shark/eigen/build_dir/CMakeFiles/CMakeTmp/src.cxx
Linking CXX executable cmTryCompileExec
/usr/bin/cmake -E cmake_link_script CMakeFiles/cmTryCompileExec.dir/link.txt --verbose=1
/opt/gcc-4.8.3/bin/c++     -fexceptions -pedantic -Wall -Wextra -Wundef -Wcast-align -Wchar-subscripts -Wnon-virtual-dtor -Wunused-local-typedefs -Wpointer-arith -Wwrite-strings -Wformat-security  -DCOMPILER_SUPPORT_Wnopsabi -Werror    CMakeFiles/cmTryCompileExec.dir/src.cxx.o  -o cmTryCompileExec -rdynamic 
make[1]: Leaving directory `/home/chakro23/exa2ct/shark/eigen/build_dir/CMakeFiles/CMakeTmp'

Source file was:
int main() { return 0;}
Performing C++ SOURCE FILE Test COMPILER_SUPPORT_Wnovariadicmacros succeded with the following output:
Change Dir: /home/chakro23/exa2ct/shark/eigen/build_dir/CMakeFiles/CMakeTmp

Run Build Command:/usr/bin/make "cmTryCompileExec/fast"
/usr/bin/make -f CMakeFiles/cmTryCompileExec.dir/build.make CMakeFiles/cmTryCompileExec.dir/build
make[1]: Entering directory `/home/chakro23/exa2ct/shark/eigen/build_dir/CMakeFiles/CMakeTmp'
/usr/bin/cmake -E cmake_progress_report /home/chakro23/exa2ct/shark/eigen/build_dir/CMakeFiles/CMakeTmp/CMakeFiles 1
Building CXX object CMakeFiles/cmTryCompileExec.dir/src.cxx.o
/opt/gcc-4.8.3/bin/c++    -fexceptions -pedantic -Wall -Wextra -Wundef -Wcast-align -Wchar-subscripts -Wnon-virtual-dtor -Wunused-local-typedefs -Wpointer-arith -Wwrite-strings -Wformat-security -Wno-psabi  -DCOMPILER_SUPPORT_Wnovariadicmacros -Werror   -Wno-variadic-macros -o CMakeFiles/cmTryCompileExec.dir/src.cxx.o -c /home/chakro23/exa2ct/shark/eigen/build_dir/CMakeFiles/CMakeTmp/src.cxx
Linking CXX executable cmTryCompileExec
/usr/bin/cmake -E cmake_link_script CMakeFiles/cmTryCompileExec.dir/link.txt --verbose=1
/opt/gcc-4.8.3/bin/c++     -fexceptions -pedantic -Wall -Wextra -Wundef -Wcast-align -Wchar-subscripts -Wnon-virtual-dtor -Wunused-local-typedefs -Wpointer-arith -Wwrite-strings -Wformat-security -Wno-psabi  -DCOMPILER_SUPPORT_Wnovariadicmacros -Werror    CMakeFiles/cmTryCompileExec.dir/src.cxx.o  -o cmTryCompileExec -rdynamic 
make[1]: Leaving directory `/home/chakro23/exa2ct/shark/eigen/build_dir/CMakeFiles/CMakeTmp'

Source file was:
int main() { return 0;}
Performing C++ SOURCE FILE Test COMPILER_SUPPORT_Wnolonglong succeded with the following output:
Change Dir: /home/chakro23/exa2ct/shark/eigen/build_dir/CMakeFiles/CMakeTmp

Run Build Command:/usr/bin/make "cmTryCompileExec/fast"
/usr/bin/make -f CMakeFiles/cmTryCompileExec.dir/build.make CMakeFiles/cmTryCompileExec.dir/build
make[1]: Entering directory `/home/chakro23/exa2ct/shark/eigen/build_dir/CMakeFiles/CMakeTmp'
/usr/bin/cmake -E cmake_progress_report /home/chakro23/exa2ct/shark/eigen/build_dir/CMakeFiles/CMakeTmp/CMakeFiles 1
Building CXX object CMakeFiles/cmTryCompileExec.dir/src.cxx.o
/opt/gcc-4.8.3/bin/c++    -fexceptions -pedantic -Wall -Wextra -Wundef -Wcast-align -Wchar-subscripts -Wnon-virtual-dtor -Wunused-local-typedefs -Wpointer-arith -Wwrite-strings -Wformat-security -Wno-psabi -Wno-variadic-macros  -DCOMPILER_SUPPORT_Wnolonglong -Werror   -Wno-long-long -o CMakeFiles/cmTryCompileExec.dir/src.cxx.o -c /home/chakro23/exa2ct/shark/eigen/build_dir/CMakeFiles/CMakeTmp/src.cxx
Linking CXX executable cmTryCompileExec
/usr/bin/cmake -E cmake_link_script CMakeFiles/cmTryCompileExec.dir/link.txt --verbose=1
/opt/gcc-4.8.3/bin/c++     -fexceptions -pedantic -Wall -Wextra -Wundef -Wcast-align -Wchar-subscripts -Wnon-virtual-dtor -Wunused-local-typedefs -Wpointer-arith -Wwrite-strings -Wformat-security -Wno-psabi -Wno-variadic-macros  -DCOMPILER_SUPPORT_Wnolonglong -Werror    CMakeFiles/cmTryCompileExec.dir/src.cxx.o  -o cmTryCompileExec -rdynamic 
make[1]: Leaving directory `/home/chakro23/exa2ct/shark/eigen/build_dir/CMakeFiles/CMakeTmp'

Source file was:
int main() { return 0;}
Performing C++ SOURCE FILE Test COMPILER_SUPPORT_fnochecknew succeded with the following output:
Change Dir: /home/chakro23/exa2ct/shark/eigen/build_dir/CMakeFiles/CMakeTmp

Run Build Command:/usr/bin/make "cmTryCompileExec/fast"
/usr/bin/make -f CMakeFiles/cmTryCompileExec.dir/build.make CMakeFiles/cmTryCompileExec.dir/build
make[1]: Entering directory `/home/chakro23/exa2ct/shark/eigen/build_dir/CMakeFiles/CMakeTmp'
/usr/bin/cmake -E cmake_progress_report /home/chakro23/exa2ct/shark/eigen/build_dir/CMakeFiles/CMakeTmp/CMakeFiles 1
Building CXX object CMakeFiles/cmTryCompileExec.dir/src.cxx.o
/opt/gcc-4.8.3/bin/c++    -fexceptions -pedantic -Wall -Wextra -Wundef -Wcast-align -Wchar-subscripts -Wnon-virtual-dtor -Wunused-local-typedefs -Wpointer-arith -Wwrite-strings -Wformat-security -Wno-psabi -Wno-variadic-macros -Wno-long-long  -DCOMPILER_SUPPORT_fnochecknew -Werror   -fno-check-new -o CMakeFiles/cmTryCompileExec.dir/src.cxx.o -c /home/chakro23/exa2ct/shark/eigen/build_dir/CMakeFiles/CMakeTmp/src.cxx
Linking CXX executable cmTryCompileExec
/usr/bin/cmake -E cmake_link_script CMakeFiles/cmTryCompileExec.dir/link.txt --verbose=1
/opt/gcc-4.8.3/bin/c++     -fexceptions -pedantic -Wall -Wextra -Wundef -Wcast-align -Wchar-subscripts -Wnon-virtual-dtor -Wunused-local-typedefs -Wpointer-arith -Wwrite-strings -Wformat-security -Wno-psabi -Wno-variadic-macros -Wno-long-long  -DCOMPILER_SUPPORT_fnochecknew -Werror    CMakeFiles/cmTryCompileExec.dir/src.cxx.o  -o cmTryCompileExec -rdynamic 
make[1]: Leaving directory `/home/chakro23/exa2ct/shark/eigen/build_dir/CMakeFiles/CMakeTmp'

Source file was:
int main() { return 0;}
Performing C++ SOURCE FILE Test COMPILER_SUPPORT_fnocommon succeded with the following output:
Change Dir: /home/chakro23/exa2ct/shark/eigen/build_dir/CMakeFiles/CMakeTmp

Run Build Command:/usr/bin/make "cmTryCompileExec/fast"
/usr/bin/make -f CMakeFiles/cmTryCompileExec.dir/build.make CMakeFiles/cmTryCompileExec.dir/build
make[1]: Entering directory `/home/chakro23/exa2ct/shark/eigen/build_dir/CMakeFiles/CMakeTmp'
/usr/bin/cmake -E cmake_progress_report /home/chakro23/exa2ct/shark/eigen/build_dir/CMakeFiles/CMakeTmp/CMakeFiles 1
Building CXX object CMakeFiles/cmTryCompileExec.dir/src.cxx.o
/opt/gcc-4.8.3/bin/c++    -fexceptions -pedantic -Wall -Wextra -Wundef -Wcast-align -Wchar-subscripts -Wnon-virtual-dtor -Wunused-local-typedefs -Wpointer-arith -Wwrite-strings -Wformat-security -Wno-psabi -Wno-variadic-macros -Wno-long-long -fno-check-new  -DCOMPILER_SUPPORT_fnocommon -Werror   -fno-common -o CMakeFiles/cmTryCompileExec.dir/src.cxx.o -c /home/chakro23/exa2ct/shark/eigen/build_dir/CMakeFiles/CMakeTmp/src.cxx
Linking CXX executable cmTryCompileExec
/usr/bin/cmake -E cmake_link_script CMakeFiles/cmTryCompileExec.dir/link.txt --verbose=1
/opt/gcc-4.8.3/bin/c++     -fexceptions -pedantic -Wall -Wextra -Wundef -Wcast-align -Wchar-subscripts -Wnon-virtual-dtor -Wunused-local-typedefs -Wpointer-arith -Wwrite-strings -Wformat-security -Wno-psabi -Wno-variadic-macros -Wno-long-long -fno-check-new  -DCOMPILER_SUPPORT_fnocommon -Werror    CMakeFiles/cmTryCompileExec.dir/src.cxx.o  -o cmTryCompileExec -rdynamic 
make[1]: Leaving directory `/home/chakro23/exa2ct/shark/eigen/build_dir/CMakeFiles/CMakeTmp'

Source file was:
int main() { return 0;}
Performing C++ SOURCE FILE Test COMPILER_SUPPORT_fstrictaliasing succeded with the following output:
Change Dir: /home/chakro23/exa2ct/shark/eigen/build_dir/CMakeFiles/CMakeTmp

Run Build Command:/usr/bin/make "cmTryCompileExec/fast"
/usr/bin/make -f CMakeFiles/cmTryCompileExec.dir/build.make CMakeFiles/cmTryCompileExec.dir/build
make[1]: Entering directory `/home/chakro23/exa2ct/shark/eigen/build_dir/CMakeFiles/CMakeTmp'
/usr/bin/cmake -E cmake_progress_report /home/chakro23/exa2ct/shark/eigen/build_dir/CMakeFiles/CMakeTmp/CMakeFiles 1
Building CXX object CMakeFiles/cmTryCompileExec.dir/src.cxx.o
/opt/gcc-4.8.3/bin/c++    -fexceptions -pedantic -Wall -Wextra -Wundef -Wcast-align -Wchar-subscripts -Wnon-virtual-dtor -Wunused-local-typedefs -Wpointer-arith -Wwrite-strings -Wformat-security -Wno-psabi -Wno-variadic-macros -Wno-long-long -fno-check-new -fno-common  -DCOMPILER_SUPPORT_fstrictaliasing -Werror   -fstrict-aliasing -o CMakeFiles/cmTryCompileExec.dir/src.cxx.o -c /home/chakro23/exa2ct/shark/eigen/build_dir/CMakeFiles/CMakeTmp/src.cxx
Linking CXX executable cmTryCompileExec
/usr/bin/cmake -E cmake_link_script CMakeFiles/cmTryCompileExec.dir/link.txt --verbose=1
/opt/gcc-4.8.3/bin/c++     -fexceptions -pedantic -Wall -Wextra -Wundef -Wcast-align -Wchar-subscripts -Wnon-virtual-dtor -Wunused-local-typedefs -Wpointer-arith -Wwrite-strings -Wformat-security -Wno-psabi -Wno-variadic-macros -Wno-long-long -fno-check-new -fno-common  -DCOMPILER_SUPPORT_fstrictaliasing -Werror    CMakeFiles/cmTryCompileExec.dir/src.cxx.o  -o cmTryCompileExec -rdynamic 
make[1]: Leaving directory `/home/chakro23/exa2ct/shark/eigen/build_dir/CMakeFiles/CMakeTmp'

Source file was:
int main() { return 0;}
Performing C++ SOURCE FILE Test COMPILER_SUPPORT_ansi succeded with the following output:
Change Dir: /home/chakro23/exa2ct/shark/eigen/build_dir/CMakeFiles/CMakeTmp

Run Build Command:/usr/bin/make "cmTryCompileExec/fast"
/usr/bin/make -f CMakeFiles/cmTryCompileExec.dir/build.make CMakeFiles/cmTryCompileExec.dir/build
make[1]: Entering directory `/home/chakro23/exa2ct/shark/eigen/build_dir/CMakeFiles/CMakeTmp'
/usr/bin/cmake -E cmake_progress_report /home/chakro23/exa2ct/shark/eigen/build_dir/CMakeFiles/CMakeTmp/CMakeFiles 1
Building CXX object CMakeFiles/cmTryCompileExec.dir/src.cxx.o
/opt/gcc-4.8.3/bin/c++    -fexceptions -pedantic -Wall -Wextra -Wundef -Wcast-align -Wchar-subscripts -Wnon-virtual-dtor -Wunused-local-typedefs -Wpointer-arith -Wwrite-strings -Wformat-security -Wno-psabi -Wno-variadic-macros -Wno-long-long -fno-check-new -fno-common -fstrict-aliasing  -DCOMPILER_SUPPORT_ansi -Werror   -ansi -o CMakeFiles/cmTryCompileExec.dir/src.cxx.o -c /home/chakro23/exa2ct/shark/eigen/build_dir/CMakeFiles/CMakeTmp/src.cxx
Linking CXX executable cmTryCompileExec
/usr/bin/cmake -E cmake_link_script CMakeFiles/cmTryCompileExec.dir/link.txt --verbose=1
/opt/gcc-4.8.3/bin/c++     -fexceptions -pedantic -Wall -Wextra -Wundef -Wcast-align -Wchar-subscripts -Wnon-virtual-dtor -Wunused-local-typedefs -Wpointer-arith -Wwrite-strings -Wformat-security -Wno-psabi -Wno-variadic-macros -Wno-long-long -fno-check-new -fno-common -fstrict-aliasing  -DCOMPILER_SUPPORT_ansi -Werror    CMakeFiles/cmTryCompileExec.dir/src.cxx.o  -o cmTryCompileExec -rdynamic 
make[1]: Leaving directory `/home/chakro23/exa2ct/shark/eigen/build_dir/CMakeFiles/CMakeTmp'

Source file was:
int main() { return 0;}
Performing C++ SOURCE FILE Test COMPILER_SUPPORT_OPENMP succeded with the following output:
Change Dir: /home/chakro23/exa2ct/shark/eigen/build_dir/CMakeFiles/CMakeTmp

Run Build Command:/usr/bin/make "cmTryCompileExec/fast"
/usr/bin/make -f CMakeFiles/cmTryCompileExec.dir/build.make CMakeFiles/cmTryCompileExec.dir/build
make[1]: Entering directory `/home/chakro23/exa2ct/shark/eigen/build_dir/CMakeFiles/CMakeTmp'
/usr/bin/cmake -E cmake_progress_report /home/chakro23/exa2ct/shark/eigen/build_dir/CMakeFiles/CMakeTmp/CMakeFiles 1
Building CXX object CMakeFiles/cmTryCompileExec.dir/src.cxx.o
/opt/gcc-4.8.3/bin/c++    -fexceptions -pedantic -Wall -Wextra -Wundef -Wcast-align -Wchar-subscripts -Wnon-virtual-dtor -Wunused-local-typedefs -Wpointer-arith -Wwrite-strings -Wformat-security -Wno-psabi -Wno-variadic-macros -Wno-long-long -fno-check-new -fno-common -fstrict-aliasing -ansi  -DCOMPILER_SUPPORT_OPENMP   -fopenmp -o CMakeFiles/cmTryCompileExec.dir/src.cxx.o -c /home/chakro23/exa2ct/shark/eigen/build_dir/CMakeFiles/CMakeTmp/src.cxx
Linking CXX executable cmTryCompileExec
/usr/bin/cmake -E cmake_link_script CMakeFiles/cmTryCompileExec.dir/link.txt --verbose=1
/opt/gcc-4.8.3/bin/c++     -fexceptions -pedantic -Wall -Wextra -Wundef -Wcast-align -Wchar-subscripts -Wnon-virtual-dtor -Wunused-local-typedefs -Wpointer-arith -Wwrite-strings -Wformat-security -Wno-psabi -Wno-variadic-macros -Wno-long-long -fno-check-new -fno-common -fstrict-aliasing -ansi  -DCOMPILER_SUPPORT_OPENMP    CMakeFiles/cmTryCompileExec.dir/src.cxx.o  -o cmTryCompileExec -rdynamic 
make[1]: Leaving directory `/home/chakro23/exa2ct/shark/eigen/build_dir/CMakeFiles/CMakeTmp'

Source file was:
int main() { return 0;}
Determining if the Q_WS_X11 exist passed with the following output:
Change Dir: /home/chakro23/exa2ct/shark/eigen/build_dir/CMakeFiles/CMakeTmp

Run Build Command:/usr/bin/make "cmTryCompileExec/fast"
/usr/bin/make -f CMakeFiles/cmTryCompileExec.dir/build.make CMakeFiles/cmTryCompileExec.dir/build
make[1]: Entering directory `/home/chakro23/exa2ct/shark/eigen/build_dir/CMakeFiles/CMakeTmp'
/usr/bin/cmake -E cmake_progress_report /home/chakro23/exa2ct/shark/eigen/build_dir/CMakeFiles/CMakeTmp/CMakeFiles 1
Building CXX object CMakeFiles/cmTryCompileExec.dir/CheckSymbolExists.cxx.o
/opt/gcc-4.8.3/bin/c++    -fexceptions -pedantic -Wall -Wextra -Wundef -Wcast-align -Wchar-subscripts -Wnon-virtual-dtor -Wunused-local-typedefs -Wpointer-arith -Wwrite-strings -Wformat-security -Wno-psabi -Wno-variadic-macros -Wno-long-long -fno-check-new -fno-common -fstrict-aliasing -ansi -O1 -g1   -I/usr/include/qt4    -o CMakeFiles/cmTryCompileExec.dir/CheckSymbolExists.cxx.o -c /home/chakro23/exa2ct/shark/eigen/build_dir/CMakeFiles/CMakeTmp/CheckSymbolExists.cxx
Linking CXX executable cmTryCompileExec
/usr/bin/cmake -E cmake_link_script CMakeFiles/cmTryCompileExec.dir/link.txt --verbose=1
/opt/gcc-4.8.3/bin/c++     -fexceptions -pedantic -Wall -Wextra -Wundef -Wcast-align -Wchar-subscripts -Wnon-virtual-dtor -Wunused-local-typedefs -Wpointer-arith -Wwrite-strings -Wformat-security -Wno-psabi -Wno-variadic-macros -Wno-long-long -fno-check-new -fno-common -fstrict-aliasing -ansi -O1 -g1      CMakeFiles/cmTryCompileExec.dir/CheckSymbolExists.cxx.o  -o cmTryCompileExec -rdynamic 
make[1]: Leaving directory `/home/chakro23/exa2ct/shark/eigen/build_dir/CMakeFiles/CMakeTmp'

File /home/chakro23/exa2ct/shark/eigen/build_dir/CMakeFiles/CMakeTmp/CheckSymbolExists.cxx:
/* */
#include <QtCore/qglobal.h>

void cmakeRequireSymbol(int dummy,...){(void)dummy;}
int main()
{
#ifndef Q_WS_X11
  cmakeRequireSymbol(0,&Q_WS_X11);
#endif
  return 0;
}

Compiling the Fortran compiler identification source file "CMakeFortranCompilerId.F" succeeded.
Compiler: /opt/gcc-4.8.3/bin/gfortran 
Build flags: 
Id flags: 

The output was:
0


Compilation of the Fortran compiler identification source "CMakeFortranCompilerId.F" produced "a.out"

The Fortran compiler identification is GNU, found in "/home/chakro23/exa2ct/shark/eigen/build_dir/CMakeFiles/CompilerIdFortran/a.out"

Determining if the Fortran compiler works passed with the following output:
Change Dir: /home/chakro23/exa2ct/shark/eigen/build_dir/CMakeFiles/CMakeTmp

Run Build Command:/usr/bin/make "cmTryCompileExec/fast"
/usr/bin/make -f CMakeFiles/cmTryCompileExec.dir/build.make CMakeFiles/cmTryCompileExec.dir/build
make[1]: Entering directory `/home/chakro23/exa2ct/shark/eigen/build_dir/CMakeFiles/CMakeTmp'
/usr/bin/cmake -E cmake_progress_report /home/chakro23/exa2ct/shark/eigen/build_dir/CMakeFiles/CMakeTmp/CMakeFiles 1
Building Fortran object CMakeFiles/cmTryCompileExec.dir/testFortranCompiler.f.o
/opt/gcc-4.8.3/bin/gfortran    -c /home/chakro23/exa2ct/shark/eigen/build_dir/CMakeFiles/CMakeTmp/testFortranCompiler.f -o CMakeFiles/cmTryCompileExec.dir/testFortranCompiler.f.o
Linking Fortran executable cmTryCompileExec
/usr/bin/cmake -E cmake_link_script CMakeFiles/cmTryCompileExec.dir/link.txt --verbose=1
/opt/gcc-4.8.3/bin/gfortran         CMakeFiles/cmTryCompileExec.dir/testFortranCompiler.f.o  -o cmTryCompileExec -rdynamic 
make[1]: Leaving directory `/home/chakro23/exa2ct/shark/eigen/build_dir/CMakeFiles/CMakeTmp'


Detecting Fortran compiler ABI info compiled with the following output:
Change Dir: /home/chakro23/exa2ct/shark/eigen/build_dir/CMakeFiles/CMakeTmp

Run Build Command:/usr/bin/make "cmTryCompileExec/fast"
/usr/bin/make -f CMakeFiles/cmTryCompileExec.dir/build.make CMakeFiles/cmTryCompileExec.dir/build
make[1]: Entering directory `/home/chakro23/exa2ct/shark/eigen/build_dir/CMakeFiles/CMakeTmp'
/usr/bin/cmake -E cmake_progress_report /home/chakro23/exa2ct/shark/eigen/build_dir/CMakeFiles/CMakeTmp/CMakeFiles 1
Building Fortran object CMakeFiles/cmTryCompileExec.dir/CMakeFortranCompilerABI.F.o
/opt/gcc-4.8.3/bin/gfortran    -c /usr/share/cmake-2.8/Modules/CMakeFortranCompilerABI.F -o CMakeFiles/cmTryCompileExec.dir/CMakeFortranCompilerABI.F.o
Linking Fortran executable cmTryCompileExec
/usr/bin/cmake -E cmake_link_script CMakeFiles/cmTryCompileExec.dir/link.txt --verbose=1
/opt/gcc-4.8.3/bin/gfortran   -v     CMakeFiles/cmTryCompileExec.dir/CMakeFortranCompilerABI.F.o  -o cmTryCompileExec -rdynamic  
Driving: /opt/gcc-4.8.3/bin/gfortran -v CMakeFiles/cmTryCompileExec.dir/CMakeFortranCompilerABI.F.o -o cmTryCompileExec -rdynamic -l gfortran -l m -shared-libgcc
Using built-in specs.
COLLECT_GCC=/opt/gcc-4.8.3/bin/gfortran
COLLECT_LTO_WRAPPER=/opt/gcc-4.8.3/libexec/gcc/x86_64-unknown-linux-gnu/4.8.3/lto-wrapper
Target: x86_64-unknown-linux-gnu
Configured with: ../configure --prefix=/opt/gcc-4.8.3 --enable-languages=c,c++,fortran --disable-multilib
Thread model: posix
gcc version 4.8.3 (GCC) 
Reading specs from /opt/gcc-4.8.3/lib/gcc/x86_64-unknown-linux-gnu/4.8.3/../../../../lib64/libgfortran.spec
rename spec lib to liborig
COLLECT_GCC_OPTIONS='-v' '-o' 'cmTryCompileExec' '-rdynamic' '-shared-libgcc' '-mtune=generic' '-march=x86-64'
COMPILER_PATH=/opt/gcc-4.8.3/libexec/gcc/x86_64-unknown-linux-gnu/4.8.3/:/opt/gcc-4.8.3/libexec/gcc/x86_64-unknown-linux-gnu/4.8.3/:/opt/gcc-4.8.3/libexec/gcc/x86_64-unknown-linux-gnu/:/opt/gcc-4.8.3/lib/gcc/x86_64-unknown-linux-gnu/4.8.3/:/opt/gcc-4.8.3/lib/gcc/x86_64-unknown-linux-gnu/
LIBRARY_PATH=/opt/gcc-4.8.3/lib/gcc/x86_64-unknown-linux-gnu/4.8.3/:/opt/gcc-4.8.3/lib/gcc/x86_64-unknown-linux-gnu/4.8.3/../../../../lib64/:/lib/x86_64-linux-gnu/:/lib/../lib64/:/usr/lib/x86_64-linux-gnu/:/usr/lib/../lib64/:./:/opt/gcc-4.8.3/lib/gcc/x86_64-unknown-linux-gnu/4.8.3/../../../:/lib/:/usr/lib/
COLLECT_GCC_OPTIONS='-v' '-o' 'cmTryCompileExec' '-rdynamic' '-shared-libgcc' '-mtune=generic' '-march=x86-64'
 /opt/gcc-4.8.3/libexec/gcc/x86_64-unknown-linux-gnu/4.8.3/collect2 --eh-frame-hdr -m elf_x86_64 -export-dynamic -dynamic-linker /lib64/ld-linux-x86-64.so.2 -o cmTryCompileExec /usr/lib/x86_64-linux-gnu/crt1.o /usr/lib/x86_64-linux-gnu/crti.o /opt/gcc-4.8.3/lib/gcc/x86_64-unknown-linux-gnu/4.8.3/crtbegin.o -L/opt/gcc-4.8.3/lib/gcc/x86_64-unknown-linux-gnu/4.8.3 -L/opt/gcc-4.8.3/lib/gcc/x86_64-unknown-linux-gnu/4.8.3/../../../../lib64 -L/lib/x86_64-linux-gnu -L/lib/../lib64 -L/usr/lib/x86_64-linux-gnu -L/usr/lib/../lib64 -L. -L/opt/gcc-4.8.3/lib/gcc/x86_64-unknown-linux-gnu/4.8.3/../../.. CMakeFiles/cmTryCompileExec.dir/CMakeFortranCompilerABI.F.o -lgfortran -lm -lgcc_s -lgcc -lquadmath -lm -lgcc_s -lgcc -lc -lgcc_s -lgcc /opt/gcc-4.8.3/lib/gcc/x86_64-unknown-linux-gnu/4.8.3/crtend.o /usr/lib/x86_64-linux-gnu/crtn.o
make[1]: Leaving directory `/home/chakro23/exa2ct/shark/eigen/build_dir/CMakeFiles/CMakeTmp'


Parsed Fortran implicit link information from above output:
  link line regex: [^( *|.*[/\])(ld|ld|collect2)[^/\]*( |$)]
  ignore line: [Change Dir: /home/chakro23/exa2ct/shark/eigen/build_dir/CMakeFiles/CMakeTmp]
  ignore line: []
  ignore line: [Run Build Command:/usr/bin/make "cmTryCompileExec/fast"]
  ignore line: [/usr/bin/make -f CMakeFiles/cmTryCompileExec.dir/build.make CMakeFiles/cmTryCompileExec.dir/build]
  ignore line: [make[1]: Entering directory `/home/chakro23/exa2ct/shark/eigen/build_dir/CMakeFiles/CMakeTmp']
  ignore line: [/usr/bin/cmake -E cmake_progress_report /home/chakro23/exa2ct/shark/eigen/build_dir/CMakeFiles/CMakeTmp/CMakeFiles 1]
  ignore line: [Building Fortran object CMakeFiles/cmTryCompileExec.dir/CMakeFortranCompilerABI.F.o]
  ignore line: [/opt/gcc-4.8.3/bin/gfortran    -c /usr/share/cmake-2.8/Modules/CMakeFortranCompilerABI.F -o CMakeFiles/cmTryCompileExec.dir/CMakeFortranCompilerABI.F.o]
  ignore line: [Linking Fortran executable cmTryCompileExec]
  ignore line: [/usr/bin/cmake -E cmake_link_script CMakeFiles/cmTryCompileExec.dir/link.txt --verbose=1]
  ignore line: [/opt/gcc-4.8.3/bin/gfortran   -v     CMakeFiles/cmTryCompileExec.dir/CMakeFortranCompilerABI.F.o  -o cmTryCompileExec -rdynamic  ]
  ignore line: [Driving: /opt/gcc-4.8.3/bin/gfortran -v CMakeFiles/cmTryCompileExec.dir/CMakeFortranCompilerABI.F.o -o cmTryCompileExec -rdynamic -l gfortran -l m -shared-libgcc]
  ignore line: [Using built-in specs.]
  ignore line: [COLLECT_GCC=/opt/gcc-4.8.3/bin/gfortran]
  ignore line: [COLLECT_LTO_WRAPPER=/opt/gcc-4.8.3/libexec/gcc/x86_64-unknown-linux-gnu/4.8.3/lto-wrapper]
  ignore line: [Target: x86_64-unknown-linux-gnu]
  ignore line: [Configured with: ../configure --prefix=/opt/gcc-4.8.3 --enable-languages=c,c++,fortran --disable-multilib]
  ignore line: [Thread model: posix]
  ignore line: [gcc version 4.8.3 (GCC) ]
  ignore line: [Reading specs from /opt/gcc-4.8.3/lib/gcc/x86_64-unknown-linux-gnu/4.8.3/../../../../lib64/libgfortran.spec]
  ignore line: [rename spec lib to liborig]
  ignore line: [COLLECT_GCC_OPTIONS='-v' '-o' 'cmTryCompileExec' '-rdynamic' '-shared-libgcc' '-mtune=generic' '-march=x86-64']
  ignore line: [COMPILER_PATH=/opt/gcc-4.8.3/libexec/gcc/x86_64-unknown-linux-gnu/4.8.3/:/opt/gcc-4.8.3/libexec/gcc/x86_64-unknown-linux-gnu/4.8.3/:/opt/gcc-4.8.3/libexec/gcc/x86_64-unknown-linux-gnu/:/opt/gcc-4.8.3/lib/gcc/x86_64-unknown-linux-gnu/4.8.3/:/opt/gcc-4.8.3/lib/gcc/x86_64-unknown-linux-gnu/]
  ignore line: [LIBRARY_PATH=/opt/gcc-4.8.3/lib/gcc/x86_64-unknown-linux-gnu/4.8.3/:/opt/gcc-4.8.3/lib/gcc/x86_64-unknown-linux-gnu/4.8.3/../../../../lib64/:/lib/x86_64-linux-gnu/:/lib/../lib64/:/usr/lib/x86_64-linux-gnu/:/usr/lib/../lib64/:./:/opt/gcc-4.8.3/lib/gcc/x86_64-unknown-linux-gnu/4.8.3/../../../:/lib/:/usr/lib/]
  ignore line: [COLLECT_GCC_OPTIONS='-v' '-o' 'cmTryCompileExec' '-rdynamic' '-shared-libgcc' '-mtune=generic' '-march=x86-64']
  link line: [ /opt/gcc-4.8.3/libexec/gcc/x86_64-unknown-linux-gnu/4.8.3/collect2 --eh-frame-hdr -m elf_x86_64 -export-dynamic -dynamic-linker /lib64/ld-linux-x86-64.so.2 -o cmTryCompileExec /usr/lib/x86_64-linux-gnu/crt1.o /usr/lib/x86_64-linux-gnu/crti.o /opt/gcc-4.8.3/lib/gcc/x86_64-unknown-linux-gnu/4.8.3/crtbegin.o -L/opt/gcc-4.8.3/lib/gcc/x86_64-unknown-linux-gnu/4.8.3 -L/opt/gcc-4.8.3/lib/gcc/x86_64-unknown-linux-gnu/4.8.3/../../../../lib64 -L/lib/x86_64-linux-gnu -L/lib/../lib64 -L/usr/lib/x86_64-linux-gnu -L/usr/lib/../lib64 -L. -L/opt/gcc-4.8.3/lib/gcc/x86_64-unknown-linux-gnu/4.8.3/../../.. CMakeFiles/cmTryCompileExec.dir/CMakeFortranCompilerABI.F.o -lgfortran -lm -lgcc_s -lgcc -lquadmath -lm -lgcc_s -lgcc -lc -lgcc_s -lgcc /opt/gcc-4.8.3/lib/gcc/x86_64-unknown-linux-gnu/4.8.3/crtend.o /usr/lib/x86_64-linux-gnu/crtn.o]
    arg [/opt/gcc-4.8.3/libexec/gcc/x86_64-unknown-linux-gnu/4.8.3/collect2] ==> ignore
    arg [--eh-frame-hdr] ==> ignore
    arg [-m] ==> ignore
    arg [elf_x86_64] ==> ignore
    arg [-export-dynamic] ==> ignore
    arg [-dynamic-linker] ==> ignore
    arg [/lib64/ld-linux-x86-64.so.2] ==> ignore
    arg [-o] ==> ignore
    arg [cmTryCompileExec] ==> ignore
    arg [/usr/lib/x86_64-linux-gnu/crt1.o] ==> ignore
    arg [/usr/lib/x86_64-linux-gnu/crti.o] ==> ignore
    arg [/opt/gcc-4.8.3/lib/gcc/x86_64-unknown-linux-gnu/4.8.3/crtbegin.o] ==> ignore
    arg [-L/opt/gcc-4.8.3/lib/gcc/x86_64-unknown-linux-gnu/4.8.3] ==> dir [/opt/gcc-4.8.3/lib/gcc/x86_64-unknown-linux-gnu/4.8.3]
    arg [-L/opt/gcc-4.8.3/lib/gcc/x86_64-unknown-linux-gnu/4.8.3/../../../../lib64] ==> dir [/opt/gcc-4.8.3/lib/gcc/x86_64-unknown-linux-gnu/4.8.3/../../../../lib64]
    arg [-L/lib/x86_64-linux-gnu] ==> dir [/lib/x86_64-linux-gnu]
    arg [-L/lib/../lib64] ==> dir [/lib/../lib64]
    arg [-L/usr/lib/x86_64-linux-gnu] ==> dir [/usr/lib/x86_64-linux-gnu]
    arg [-L/usr/lib/../lib64] ==> dir [/usr/lib/../lib64]
    arg [-L.] ==> ignore
    arg [-L/opt/gcc-4.8.3/lib/gcc/x86_64-unknown-linux-gnu/4.8.3/../../..] ==> dir [/opt/gcc-4.8.3/lib/gcc/x86_64-unknown-linux-gnu/4.8.3/../../..]
    arg [CMakeFiles/cmTryCompileExec.dir/CMakeFortranCompilerABI.F.o] ==> ignore
    arg [-lgfortran] ==> lib [gfortran]
    arg [-lm] ==> lib [m]
    arg [-lgcc_s] ==> lib [gcc_s]
    arg [-lgcc] ==> lib [gcc]
    arg [-lquadmath] ==> lib [quadmath]
    arg [-lm] ==> lib [m]
    arg [-lgcc_s] ==> lib [gcc_s]
    arg [-lgcc] ==> lib [gcc]
    arg [-lc] ==> lib [c]
    arg [-lgcc_s] ==> lib [gcc_s]
    arg [-lgcc] ==> lib [gcc]
    arg [/opt/gcc-4.8.3/lib/gcc/x86_64-unknown-linux-gnu/4.8.3/crtend.o] ==> ignore
    arg [/usr/lib/x86_64-linux-gnu/crtn.o] ==> ignore
  remove lib [gcc_s]
  remove lib [gcc]
  remove lib [gcc_s]
  remove lib [gcc]
  remove lib [gcc_s]
  remove lib [gcc]
  collapse dir [/opt/gcc-4.8.3/lib/gcc/x86_64-unknown-linux-gnu/4.8.3] ==> [/opt/gcc-4.8.3/lib/gcc/x86_64-unknown-linux-gnu/4.8.3]
  collapse dir [/opt/gcc-4.8.3/lib/gcc/x86_64-unknown-linux-gnu/4.8.3/../../../../lib64] ==> [/opt/gcc-4.8.3/lib64]
  collapse dir [/lib/x86_64-linux-gnu] ==> [/lib/x86_64-linux-gnu]
  collapse dir [/lib/../lib64] ==> [/lib64]
  collapse dir [/usr/lib/x86_64-linux-gnu] ==> [/usr/lib/x86_64-linux-gnu]
  collapse dir [/usr/lib/../lib64] ==> [/usr/lib64]
  collapse dir [/opt/gcc-4.8.3/lib/gcc/x86_64-unknown-linux-gnu/4.8.3/../../..] ==> [/opt/gcc-4.8.3/lib]
  implicit libs: [gfortran;m;quadmath;m;c]
  implicit dirs: [/opt/gcc-4.8.3/lib/gcc/x86_64-unknown-linux-gnu/4.8.3;/opt/gcc-4.8.3/lib64;/lib/x86_64-linux-gnu;/lib64;/usr/lib/x86_64-linux-gnu;/usr/lib64;/opt/gcc-4.8.3/lib]


Determining if the Fortran compiler supports Fortran 90 passed with the following output:
Change Dir: /home/chakro23/exa2ct/shark/eigen/build_dir/CMakeFiles/CMakeTmp

Run Build Command:/usr/bin/make "cmTryCompileExec/fast"
/usr/bin/make -f CMakeFiles/cmTryCompileExec.dir/build.make CMakeFiles/cmTryCompileExec.dir/build
make[1]: Entering directory `/home/chakro23/exa2ct/shark/eigen/build_dir/CMakeFiles/CMakeTmp'
/usr/bin/cmake -E cmake_progress_report /home/chakro23/exa2ct/shark/eigen/build_dir/CMakeFiles/CMakeTmp/CMakeFiles 1
Building Fortran object CMakeFiles/cmTryCompileExec.dir/testFortranCompilerF90.f90.o
/opt/gcc-4.8.3/bin/gfortran    -c /home/chakro23/exa2ct/shark/eigen/build_dir/CMakeFiles/CMakeTmp/testFortranCompilerF90.f90 -o CMakeFiles/cmTryCompileExec.dir/testFortranCompilerF90.f90.o
Linking Fortran executable cmTryCompileExec
/usr/bin/cmake -E cmake_link_script CMakeFiles/cmTryCompileExec.dir/link.txt --verbose=1
/opt/gcc-4.8.3/bin/gfortran         CMakeFiles/cmTryCompileExec.dir/testFortranCompilerF90.f90.o  -o cmTryCompileExec -rdynamic 
make[1]: Leaving directory `/home/chakro23/exa2ct/shark/eigen/build_dir/CMakeFiles/CMakeTmp'


Determining if the function XOpenDisplay exists in the /usr/lib/x86_64-linux-gnu/libX11.so;/usr/lib/x86_64-linux-gnu/libXext.so passed with the following output:
Change Dir: /home/chakro23/exa2ct/shark/eigen/build_dir/CMakeFiles/CMakeTmp

Run Build Command:/usr/bin/make "cmTryCompileExec/fast"
/usr/bin/make -f CMakeFiles/cmTryCompileExec.dir/build.make CMakeFiles/cmTryCompileExec.dir/build
make[1]: Entering directory `/home/chakro23/exa2ct/shark/eigen/build_dir/CMakeFiles/CMakeTmp'
/usr/bin/cmake -E cmake_progress_report /home/chakro23/exa2ct/shark/eigen/build_dir/CMakeFiles/CMakeTmp/CMakeFiles 1
Building C object CMakeFiles/cmTryCompileExec.dir/CheckFunctionExists.c.o
/opt/gcc-4.8.3/bin/gcc   -DCHECK_FUNCTION_EXISTS=XOpenDisplay   -o CMakeFiles/cmTryCompileExec.dir/CheckFunctionExists.c.o   -c /usr/share/cmake-2.8/Modules/CheckFunctionExists.c
Linking C executable cmTryCompileExec
/usr/bin/cmake -E cmake_link_script CMakeFiles/cmTryCompileExec.dir/link.txt --verbose=1
/opt/gcc-4.8.3/bin/gcc     -DCHECK_FUNCTION_EXISTS=XOpenDisplay    CMakeFiles/cmTryCompileExec.dir/CheckFunctionExists.c.o  -o cmTryCompileExec -rdynamic -lX11 -lXext 
make[1]: Leaving directory `/home/chakro23/exa2ct/shark/eigen/build_dir/CMakeFiles/CMakeTmp'


Determining if the function gethostbyname exists passed with the following output:
Change Dir: /home/chakro23/exa2ct/shark/eigen/build_dir/CMakeFiles/CMakeTmp

Run Build Command:/usr/bin/make "cmTryCompileExec/fast"
/usr/bin/make -f CMakeFiles/cmTryCompileExec.dir/build.make CMakeFiles/cmTryCompileExec.dir/build
make[1]: Entering directory `/home/chakro23/exa2ct/shark/eigen/build_dir/CMakeFiles/CMakeTmp'
/usr/bin/cmake -E cmake_progress_report /home/chakro23/exa2ct/shark/eigen/build_dir/CMakeFiles/CMakeTmp/CMakeFiles 1
Building C object CMakeFiles/cmTryCompileExec.dir/CheckFunctionExists.c.o
/opt/gcc-4.8.3/bin/gcc   -DCHECK_FUNCTION_EXISTS=gethostbyname   -o CMakeFiles/cmTryCompileExec.dir/CheckFunctionExists.c.o   -c /usr/share/cmake-2.8/Modules/CheckFunctionExists.c
Linking C executable cmTryCompileExec
/usr/bin/cmake -E cmake_link_script CMakeFiles/cmTryCompileExec.dir/link.txt --verbose=1
/opt/gcc-4.8.3/bin/gcc     -DCHECK_FUNCTION_EXISTS=gethostbyname    CMakeFiles/cmTryCompileExec.dir/CheckFunctionExists.c.o  -o cmTryCompileExec -rdynamic 
make[1]: Leaving directory `/home/chakro23/exa2ct/shark/eigen/build_dir/CMakeFiles/CMakeTmp'


Determining if the function connect exists passed with the following output:
Change Dir: /home/chakro23/exa2ct/shark/eigen/build_dir/CMakeFiles/CMakeTmp

Run Build Command:/usr/bin/make "cmTryCompileExec/fast"
/usr/bin/make -f CMakeFiles/cmTryCompileExec.dir/build.make CMakeFiles/cmTryCompileExec.dir/build
make[1]: Entering directory `/home/chakro23/exa2ct/shark/eigen/build_dir/CMakeFiles/CMakeTmp'
/usr/bin/cmake -E cmake_progress_report /home/chakro23/exa2ct/shark/eigen/build_dir/CMakeFiles/CMakeTmp/CMakeFiles 1
Building C object CMakeFiles/cmTryCompileExec.dir/CheckFunctionExists.c.o
/opt/gcc-4.8.3/bin/gcc   -DCHECK_FUNCTION_EXISTS=connect   -o CMakeFiles/cmTryCompileExec.dir/CheckFunctionExists.c.o   -c /usr/share/cmake-2.8/Modules/CheckFunctionExists.c
Linking C executable cmTryCompileExec
/usr/bin/cmake -E cmake_link_script CMakeFiles/cmTryCompileExec.dir/link.txt --verbose=1
/opt/gcc-4.8.3/bin/gcc     -DCHECK_FUNCTION_EXISTS=connect    CMakeFiles/cmTryCompileExec.dir/CheckFunctionExists.c.o  -o cmTryCompileExec -rdynamic 
make[1]: Leaving directory `/home/chakro23/exa2ct/shark/eigen/build_dir/CMakeFiles/CMakeTmp'


Determining if the function remove exists passed with the following output:
Change Dir: /home/chakro23/exa2ct/shark/eigen/build_dir/CMakeFiles/CMakeTmp

Run Build Command:/usr/bin/make "cmTryCompileExec/fast"
/usr/bin/make -f CMakeFiles/cmTryCompileExec.dir/build.make CMakeFiles/cmTryCompileExec.dir/build
make[1]: Entering directory `/home/chakro23/exa2ct/shark/eigen/build_dir/CMakeFiles/CMakeTmp'
/usr/bin/cmake -E cmake_progress_report /home/chakro23/exa2ct/shark/eigen/build_dir/CMakeFiles/CMakeTmp/CMakeFiles 1
Building C object CMakeFiles/cmTryCompileExec.dir/CheckFunctionExists.c.o
/opt/gcc-4.8.3/bin/gcc   -DCHECK_FUNCTION_EXISTS=remove   -o CMakeFiles/cmTryCompileExec.dir/CheckFunctionExists.c.o   -c /usr/share/cmake-2.8/Modules/CheckFunctionExists.c
Linking C executable cmTryCompileExec
/usr/bin/cmake -E cmake_link_script CMakeFiles/cmTryCompileExec.dir/link.txt --verbose=1
/opt/gcc-4.8.3/bin/gcc     -DCHECK_FUNCTION_EXISTS=remove    CMakeFiles/cmTryCompileExec.dir/CheckFunctionExists.c.o  -o cmTryCompileExec -rdynamic 
make[1]: Leaving directory `/home/chakro23/exa2ct/shark/eigen/build_dir/CMakeFiles/CMakeTmp'


Determining if the function shmat exists passed with the following output:
Change Dir: /home/chakro23/exa2ct/shark/eigen/build_dir/CMakeFiles/CMakeTmp

Run Build Command:/usr/bin/make "cmTryCompileExec/fast"
/usr/bin/make -f CMakeFiles/cmTryCompileExec.dir/build.make CMakeFiles/cmTryCompileExec.dir/build
make[1]: Entering directory `/home/chakro23/exa2ct/shark/eigen/build_dir/CMakeFiles/CMakeTmp'
/usr/bin/cmake -E cmake_progress_report /home/chakro23/exa2ct/shark/eigen/build_dir/CMakeFiles/CMakeTmp/CMakeFiles 1
Building C object CMakeFiles/cmTryCompileExec.dir/CheckFunctionExists.c.o
/opt/gcc-4.8.3/bin/gcc   -DCHECK_FUNCTION_EXISTS=shmat   -o CMakeFiles/cmTryCompileExec.dir/CheckFunctionExists.c.o   -c /usr/share/cmake-2.8/Modules/CheckFunctionExists.c
Linking C executable cmTryCompileExec
/usr/bin/cmake -E cmake_link_script CMakeFiles/cmTryCompileExec.dir/link.txt --verbose=1
/opt/gcc-4.8.3/bin/gcc     -DCHECK_FUNCTION_EXISTS=shmat    CMakeFiles/cmTryCompileExec.dir/CheckFunctionExists.c.o  -o cmTryCompileExec -rdynamic 
make[1]: Leaving directory `/home/chakro23/exa2ct/shark/eigen/build_dir/CMakeFiles/CMakeTmp'


Determining if the function IceConnectionNumber exists in the ICE passed with the following output:
Change Dir: /home/chakro23/exa2ct/shark/eigen/build_dir/CMakeFiles/CMakeTmp

Run Build Command:/usr/bin/make "cmTryCompileExec/fast"
/usr/bin/make -f CMakeFiles/cmTryCompileExec.dir/build.make CMakeFiles/cmTryCompileExec.dir/build
make[1]: Entering directory `/home/chakro23/exa2ct/shark/eigen/build_dir/CMakeFiles/CMakeTmp'
/usr/bin/cmake -E cmake_progress_report /home/chakro23/exa2ct/shark/eigen/build_dir/CMakeFiles/CMakeTmp/CMakeFiles 1
Building C object CMakeFiles/cmTryCompileExec.dir/CheckFunctionExists.c.o
/opt/gcc-4.8.3/bin/gcc   -DCHECK_FUNCTION_EXISTS=IceConnectionNumber   -o CMakeFiles/cmTryCompileExec.dir/CheckFunctionExists.c.o   -c /usr/share/cmake-2.8/Modules/CheckFunctionExists.c
Linking C executable cmTryCompileExec
/usr/bin/cmake -E cmake_link_script CMakeFiles/cmTryCompileExec.dir/link.txt --verbose=1
/opt/gcc-4.8.3/bin/gcc     -DCHECK_FUNCTION_EXISTS=IceConnectionNumber    CMakeFiles/cmTryCompileExec.dir/CheckFunctionExists.c.o  -o cmTryCompileExec -rdynamic -lICE 
make[1]: Leaving directory `/home/chakro23/exa2ct/shark/eigen/build_dir/CMakeFiles/CMakeTmp'


